16:31:39.510 [main] INFO  com.cszt.MongoDBApplication - Starting MongoDBApplication on DESKTOP-302RR5M with PID 42600 (E:\Temp\spring-mongodb\target\classes started by jj in E:\Temp)
16:31:39.522 [main] INFO  com.cszt.MongoDBApplication - No active profile set, falling back to default profiles: default
16:31:39.607 [main] INFO  org.springframework.boot.context.embedded.AnnotationConfigEmbeddedWebApplicationContext - Refreshing org.springframework.boot.context.embedded.AnnotationConfigEmbeddedWebApplicationContext@4b6690c0: startup date [Wed Sep 26 16:31:39 CST 2018]; root of context hierarchy
16:31:39.676 [background-preinit] INFO  org.hibernate.validator.internal.util.Version - HV000001: Hibernate Validator 5.3.6.Final
16:31:40.897 [main] INFO  org.springframework.boot.context.embedded.tomcat.TomcatEmbeddedServletContainer - Tomcat initialized with port(s): 8080 (http)
16:31:40.904 [main] INFO  org.apache.catalina.core.StandardService - Starting service [Tomcat]
16:31:40.905 [main] INFO  org.apache.catalina.core.StandardEngine - Starting Servlet Engine: Apache Tomcat/8.5.23
16:31:41.032 [localhost-startStop-1] INFO  org.apache.catalina.core.ContainerBase.[Tomcat].[localhost].[/] - Initializing Spring embedded WebApplicationContext
16:31:41.032 [localhost-startStop-1] INFO  org.springframework.web.context.ContextLoader - Root WebApplicationContext: initialization completed in 1425 ms
16:31:41.204 [localhost-startStop-1] INFO  org.springframework.boot.web.servlet.ServletRegistrationBean - Mapping servlet: 'dispatcherServlet' to [/]
16:31:41.207 [localhost-startStop-1] INFO  org.springframework.boot.web.servlet.FilterRegistrationBean - Mapping filter: 'characterEncodingFilter' to: [/*]
16:31:41.208 [localhost-startStop-1] INFO  org.springframework.boot.web.servlet.FilterRegistrationBean - Mapping filter: 'hiddenHttpMethodFilter' to: [/*]
16:31:41.208 [localhost-startStop-1] INFO  org.springframework.boot.web.servlet.FilterRegistrationBean - Mapping filter: 'httpPutFormContentFilter' to: [/*]
16:31:41.208 [localhost-startStop-1] INFO  org.springframework.boot.web.servlet.FilterRegistrationBean - Mapping filter: 'requestContextFilter' to: [/*]
16:31:42.050 [main] INFO  org.mongodb.driver.cluster - Cluster created with settings {hosts=[localhost:27017], mode=MULTIPLE, requiredClusterType=UNKNOWN, serverSelectionTimeout='30000 ms', maxWaitQueueSize=500}
16:31:42.051 [main] INFO  org.mongodb.driver.cluster - Adding discovered server localhost:27017 to client view of cluster
16:31:42.172 [cluster-ClusterId{value='5bab43ee0d853aa6687f76d1', description='null'}-localhost:27017] INFO  org.mongodb.driver.connection - Opened connection [connectionId{localValue:1, serverValue:1}] to localhost:27017
16:31:42.174 [cluster-ClusterId{value='5bab43ee0d853aa6687f76d1', description='null'}-localhost:27017] INFO  org.mongodb.driver.cluster - Monitor thread successfully connected to server with description ServerDescription{address=localhost:27017, type=STANDALONE, state=CONNECTED, ok=true, version=ServerVersion{versionList=[4, 0, 2]}, minWireVersion=0, maxWireVersion=7, maxDocumentSize=16777216, roundTripTimeNanos=386570}
16:31:42.175 [cluster-ClusterId{value='5bab43ee0d853aa6687f76d1', description='null'}-localhost:27017] INFO  org.mongodb.driver.cluster - Discovered cluster type of STANDALONE
16:31:42.616 [main] INFO  org.springframework.web.servlet.mvc.method.annotation.RequestMappingHandlerAdapter - Looking for @ControllerAdvice: org.springframework.boot.context.embedded.AnnotationConfigEmbeddedWebApplicationContext@4b6690c0: startup date [Wed Sep 26 16:31:39 CST 2018]; root of context hierarchy
16:31:42.668 [main] INFO  org.mongodb.driver.connection - Opened connection [connectionId{localValue:2, serverValue:2}] to localhost:27017
16:31:42.799 [main] INFO  org.springframework.web.servlet.mvc.method.annotation.RequestMappingHandlerMapping - Mapped "{[/mongo]}" onto public java.lang.String com.cszt.controller.MongoController.hello()
16:31:42.803 [main] INFO  org.springframework.web.servlet.mvc.method.annotation.RequestMappingHandlerMapping - Mapped "{[/insert],methods=[GET]}" onto public java.lang.String com.cszt.controller.UserController.insert()
16:31:42.805 [main] INFO  org.springframework.web.servlet.mvc.method.annotation.RequestMappingHandlerMapping - Mapped "{[/findAll],methods=[GET]}" onto public java.util.List<com.cszt.domain.User> com.cszt.controller.UserController.getAllUser()
16:31:42.807 [main] INFO  org.springframework.web.servlet.mvc.method.annotation.RequestMappingHandlerMapping - Mapped "{[/find],methods=[GET]}" onto public java.util.List<com.cszt.domain.User> com.cszt.controller.UserController.getUser(java.lang.String)
16:31:42.810 [main] INFO  org.springframework.web.servlet.mvc.method.annotation.RequestMappingHandlerMapping - Mapped "{[/error]}" onto public org.springframework.http.ResponseEntity<java.util.Map<java.lang.String, java.lang.Object>> org.springframework.boot.autoconfigure.web.BasicErrorController.error(javax.servlet.http.HttpServletRequest)
16:31:42.811 [main] INFO  org.springframework.web.servlet.mvc.method.annotation.RequestMappingHandlerMapping - Mapped "{[/error],produces=[text/html]}" onto public org.springframework.web.servlet.ModelAndView org.springframework.boot.autoconfigure.web.BasicErrorController.errorHtml(javax.servlet.http.HttpServletRequest,javax.servlet.http.HttpServletResponse)
16:31:42.860 [main] INFO  org.springframework.web.servlet.handler.SimpleUrlHandlerMapping - Mapped URL path [/webjars/**] onto handler of type [class org.springframework.web.servlet.resource.ResourceHttpRequestHandler]
16:31:42.862 [main] INFO  org.springframework.web.servlet.handler.SimpleUrlHandlerMapping - Mapped URL path [/**] onto handler of type [class org.springframework.web.servlet.resource.ResourceHttpRequestHandler]
16:31:42.896 [main] INFO  org.springframework.web.servlet.handler.SimpleUrlHandlerMapping - Mapped URL path [/**/favicon.ico] onto handler of type [class org.springframework.web.servlet.resource.ResourceHttpRequestHandler]
16:31:43.153 [main] INFO  org.springframework.jmx.export.annotation.AnnotationMBeanExporter - Registering beans for JMX exposure on startup
16:31:43.253 [main] INFO  org.apache.coyote.http11.Http11NioProtocol - Initializing ProtocolHandler ["http-nio-8080"]
16:31:43.260 [main] INFO  org.apache.coyote.http11.Http11NioProtocol - Starting ProtocolHandler ["http-nio-8080"]
16:31:43.268 [main] INFO  org.apache.tomcat.util.net.NioSelectorPool - Using a shared selector for servlet write/read
16:31:43.282 [main] INFO  org.springframework.boot.context.embedded.tomcat.TomcatEmbeddedServletContainer - Tomcat started on port(s): 8080 (http)
16:31:43.285 [main] INFO  com.cszt.MongoDBApplication - Started MongoDBApplication in 11.077 seconds (JVM running for 20.454)
16:32:19.943 [http-nio-8080-exec-1] INFO  org.apache.catalina.core.ContainerBase.[Tomcat].[localhost].[/] - Initializing Spring FrameworkServlet 'dispatcherServlet'
16:32:19.944 [http-nio-8080-exec-1] INFO  org.springframework.web.servlet.DispatcherServlet - FrameworkServlet 'dispatcherServlet': initialization started
16:32:19.976 [http-nio-8080-exec-1] INFO  org.springframework.web.servlet.DispatcherServlet - FrameworkServlet 'dispatcherServlet': initialization completed in 31 ms
16:39:47.553 [main] INFO  com.cszt.MongoDBApplication - Starting MongoDBApplication on DESKTOP-302RR5M with PID 44876 (E:\Temp\spring-mongodb\target\classes started by jj in E:\Temp)
16:39:47.563 [main] INFO  com.cszt.MongoDBApplication - No active profile set, falling back to default profiles: default
16:39:47.627 [main] INFO  org.springframework.boot.context.embedded.AnnotationConfigEmbeddedWebApplicationContext - Refreshing org.springframework.boot.context.embedded.AnnotationConfigEmbeddedWebApplicationContext@eda25e5: startup date [Wed Sep 26 16:39:47 CST 2018]; root of context hierarchy
16:39:47.926 [background-preinit] INFO  org.hibernate.validator.internal.util.Version - HV000001: Hibernate Validator 5.3.6.Final
16:39:49.217 [main] INFO  org.springframework.boot.context.embedded.tomcat.TomcatEmbeddedServletContainer - Tomcat initialized with port(s): 8080 (http)
16:39:49.223 [main] INFO  org.apache.catalina.core.StandardService - Starting service [Tomcat]
16:39:49.224 [main] INFO  org.apache.catalina.core.StandardEngine - Starting Servlet Engine: Apache Tomcat/8.5.23
16:39:49.319 [localhost-startStop-1] INFO  org.apache.catalina.core.ContainerBase.[Tomcat].[localhost].[/] - Initializing Spring embedded WebApplicationContext
16:39:49.319 [localhost-startStop-1] INFO  org.springframework.web.context.ContextLoader - Root WebApplicationContext: initialization completed in 1692 ms
16:39:49.507 [localhost-startStop-1] INFO  org.springframework.boot.web.servlet.ServletRegistrationBean - Mapping servlet: 'dispatcherServlet' to [/]
16:39:49.511 [localhost-startStop-1] INFO  org.springframework.boot.web.servlet.FilterRegistrationBean - Mapping filter: 'characterEncodingFilter' to: [/*]
16:39:49.511 [localhost-startStop-1] INFO  org.springframework.boot.web.servlet.FilterRegistrationBean - Mapping filter: 'hiddenHttpMethodFilter' to: [/*]
16:39:49.511 [localhost-startStop-1] INFO  org.springframework.boot.web.servlet.FilterRegistrationBean - Mapping filter: 'httpPutFormContentFilter' to: [/*]
16:39:49.511 [localhost-startStop-1] INFO  org.springframework.boot.web.servlet.FilterRegistrationBean - Mapping filter: 'requestContextFilter' to: [/*]
16:39:50.294 [main] INFO  org.mongodb.driver.cluster - Cluster created with settings {hosts=[localhost:27017], mode=MULTIPLE, requiredClusterType=UNKNOWN, serverSelectionTimeout='30000 ms', maxWaitQueueSize=500}
16:39:50.294 [main] INFO  org.mongodb.driver.cluster - Adding discovered server localhost:27017 to client view of cluster
16:39:50.335 [cluster-ClusterId{value='5bab45d60d853aaf4ce335a8', description='null'}-localhost:27017] INFO  org.mongodb.driver.connection - Opened connection [connectionId{localValue:1, serverValue:3}] to localhost:27017
16:39:50.336 [cluster-ClusterId{value='5bab45d60d853aaf4ce335a8', description='null'}-localhost:27017] INFO  org.mongodb.driver.cluster - Monitor thread successfully connected to server with description ServerDescription{address=localhost:27017, type=STANDALONE, state=CONNECTED, ok=true, version=ServerVersion{versionList=[4, 0, 2]}, minWireVersion=0, maxWireVersion=7, maxDocumentSize=16777216, roundTripTimeNanos=425638}
16:39:50.337 [cluster-ClusterId{value='5bab45d60d853aaf4ce335a8', description='null'}-localhost:27017] INFO  org.mongodb.driver.cluster - Discovered cluster type of STANDALONE
16:39:50.778 [main] INFO  org.springframework.web.servlet.mvc.method.annotation.RequestMappingHandlerAdapter - Looking for @ControllerAdvice: org.springframework.boot.context.embedded.AnnotationConfigEmbeddedWebApplicationContext@eda25e5: startup date [Wed Sep 26 16:39:47 CST 2018]; root of context hierarchy
16:39:50.804 [main] INFO  org.mongodb.driver.connection - Opened connection [connectionId{localValue:2, serverValue:4}] to localhost:27017
16:39:50.864 [main] INFO  org.springframework.web.servlet.mvc.method.annotation.RequestMappingHandlerMapping - Mapped "{[/mongo]}" onto public java.lang.String com.cszt.controller.MongoController.hello()
16:39:50.869 [main] INFO  org.springframework.web.servlet.mvc.method.annotation.RequestMappingHandlerMapping - Mapped "{[/insert],methods=[GET]}" onto public java.lang.String com.cszt.controller.UserController.insert()
16:39:50.870 [main] INFO  org.springframework.web.servlet.mvc.method.annotation.RequestMappingHandlerMapping - Mapped "{[/findAll],methods=[GET]}" onto public java.util.List<com.cszt.domain.User> com.cszt.controller.UserController.getAllUser()
16:39:50.873 [main] INFO  org.springframework.web.servlet.mvc.method.annotation.RequestMappingHandlerMapping - Mapped "{[/find],methods=[GET]}" onto public java.util.List<com.cszt.domain.User> com.cszt.controller.UserController.getUser(java.lang.String)
16:39:50.877 [main] INFO  org.springframework.web.servlet.mvc.method.annotation.RequestMappingHandlerMapping - Mapped "{[/error]}" onto public org.springframework.http.ResponseEntity<java.util.Map<java.lang.String, java.lang.Object>> org.springframework.boot.autoconfigure.web.BasicErrorController.error(javax.servlet.http.HttpServletRequest)
16:39:50.879 [main] INFO  org.springframework.web.servlet.mvc.method.annotation.RequestMappingHandlerMapping - Mapped "{[/error],produces=[text/html]}" onto public org.springframework.web.servlet.ModelAndView org.springframework.boot.autoconfigure.web.BasicErrorController.errorHtml(javax.servlet.http.HttpServletRequest,javax.servlet.http.HttpServletResponse)
16:39:50.909 [main] INFO  org.springframework.web.servlet.handler.SimpleUrlHandlerMapping - Mapped URL path [/webjars/**] onto handler of type [class org.springframework.web.servlet.resource.ResourceHttpRequestHandler]
16:39:50.910 [main] INFO  org.springframework.web.servlet.handler.SimpleUrlHandlerMapping - Mapped URL path [/**] onto handler of type [class org.springframework.web.servlet.resource.ResourceHttpRequestHandler]
16:39:50.948 [main] INFO  org.springframework.web.servlet.handler.SimpleUrlHandlerMapping - Mapped URL path [/**/favicon.ico] onto handler of type [class org.springframework.web.servlet.resource.ResourceHttpRequestHandler]
16:39:51.159 [main] INFO  org.springframework.jmx.export.annotation.AnnotationMBeanExporter - Registering beans for JMX exposure on startup
16:39:51.171 [main] INFO  org.apache.coyote.http11.Http11NioProtocol - Initializing ProtocolHandler ["http-nio-8080"]
16:39:51.177 [main] INFO  org.apache.coyote.http11.Http11NioProtocol - Starting ProtocolHandler ["http-nio-8080"]
16:39:51.272 [main] INFO  org.apache.tomcat.util.net.NioSelectorPool - Using a shared selector for servlet write/read
16:39:51.284 [main] INFO  org.springframework.boot.context.embedded.tomcat.TomcatEmbeddedServletContainer - Tomcat started on port(s): 8080 (http)
16:39:51.288 [main] INFO  com.cszt.MongoDBApplication - Started MongoDBApplication in 4.131 seconds (JVM running for 4.962)
16:39:56.644 [http-nio-8080-exec-1] INFO  org.apache.catalina.core.ContainerBase.[Tomcat].[localhost].[/] - Initializing Spring FrameworkServlet 'dispatcherServlet'
16:39:56.646 [http-nio-8080-exec-1] INFO  org.springframework.web.servlet.DispatcherServlet - FrameworkServlet 'dispatcherServlet': initialization started
16:39:56.674 [http-nio-8080-exec-1] INFO  org.springframework.web.servlet.DispatcherServlet - FrameworkServlet 'dispatcherServlet': initialization completed in 27 ms
16:39:56.807 [http-nio-8080-exec-1] ERROR org.apache.catalina.core.ContainerBase.[Tomcat].[localhost].[/].[dispatcherServlet] - Servlet.service() for servlet [dispatcherServlet] in context with path [] threw exception [Request processing failed; nested exception is java.lang.IllegalArgumentException: You have to provide at least one property to sort by!] with root cause
java.lang.IllegalArgumentException: You have to provide at least one property to sort by!
	at org.springframework.data.domain.Sort.<init>(Sort.java:92)
	at org.springframework.data.domain.Sort.<init>(Sort.java:80)
	at com.cszt.service.UserService.getAllUser(UserService.java:41)
	at com.cszt.controller.UserController.getAllUser(UserController.java:31)
	at sun.reflect.NativeMethodAccessorImpl.invoke0(Native Method)
	at sun.reflect.NativeMethodAccessorImpl.invoke(NativeMethodAccessorImpl.java:62)
	at sun.reflect.DelegatingMethodAccessorImpl.invoke(DelegatingMethodAccessorImpl.java:43)
	at java.lang.reflect.Method.invoke(Method.java:498)
	at org.springframework.web.method.support.InvocableHandlerMethod.doInvoke(InvocableHandlerMethod.java:205)
	at org.springframework.web.method.support.InvocableHandlerMethod.invokeForRequest(InvocableHandlerMethod.java:133)
	at org.springframework.web.servlet.mvc.method.annotation.ServletInvocableHandlerMethod.invokeAndHandle(ServletInvocableHandlerMethod.java:97)
	at org.springframework.web.servlet.mvc.method.annotation.RequestMappingHandlerAdapter.invokeHandlerMethod(RequestMappingHandlerAdapter.java:827)
	at org.springframework.web.servlet.mvc.method.annotation.RequestMappingHandlerAdapter.handleInternal(RequestMappingHandlerAdapter.java:738)
	at org.springframework.web.servlet.mvc.method.AbstractHandlerMethodAdapter.handle(AbstractHandlerMethodAdapter.java:85)
	at org.springframework.web.servlet.DispatcherServlet.doDispatch(DispatcherServlet.java:967)
	at org.springframework.web.servlet.DispatcherServlet.doService(DispatcherServlet.java:901)
	at org.springframework.web.servlet.FrameworkServlet.processRequest(FrameworkServlet.java:970)
	at org.springframework.web.servlet.FrameworkServlet.doGet(FrameworkServlet.java:861)
	at javax.servlet.http.HttpServlet.service(HttpServlet.java:635)
	at org.springframework.web.servlet.FrameworkServlet.service(FrameworkServlet.java:846)
	at javax.servlet.http.HttpServlet.service(HttpServlet.java:742)
	at org.apache.catalina.core.ApplicationFilterChain.internalDoFilter(ApplicationFilterChain.java:231)
	at org.apache.catalina.core.ApplicationFilterChain.doFilter(ApplicationFilterChain.java:166)
	at org.apache.tomcat.websocket.server.WsFilter.doFilter(WsFilter.java:52)
	at org.apache.catalina.core.ApplicationFilterChain.internalDoFilter(ApplicationFilterChain.java:193)
	at org.apache.catalina.core.ApplicationFilterChain.doFilter(ApplicationFilterChain.java:166)
	at org.springframework.web.filter.RequestContextFilter.doFilterInternal(RequestContextFilter.java:99)
	at org.springframework.web.filter.OncePerRequestFilter.doFilter(OncePerRequestFilter.java:107)
	at org.apache.catalina.core.ApplicationFilterChain.internalDoFilter(ApplicationFilterChain.java:193)
	at org.apache.catalina.core.ApplicationFilterChain.doFilter(ApplicationFilterChain.java:166)
	at org.springframework.web.filter.HttpPutFormContentFilter.doFilterInternal(HttpPutFormContentFilter.java:108)
	at org.springframework.web.filter.OncePerRequestFilter.doFilter(OncePerRequestFilter.java:107)
	at org.apache.catalina.core.ApplicationFilterChain.internalDoFilter(ApplicationFilterChain.java:193)
	at org.apache.catalina.core.ApplicationFilterChain.doFilter(ApplicationFilterChain.java:166)
	at org.springframework.web.filter.HiddenHttpMethodFilter.doFilterInternal(HiddenHttpMethodFilter.java:81)
	at org.springframework.web.filter.OncePerRequestFilter.doFilter(OncePerRequestFilter.java:107)
	at org.apache.catalina.core.ApplicationFilterChain.internalDoFilter(ApplicationFilterChain.java:193)
	at org.apache.catalina.core.ApplicationFilterChain.doFilter(ApplicationFilterChain.java:166)
	at org.springframework.web.filter.CharacterEncodingFilter.doFilterInternal(CharacterEncodingFilter.java:197)
	at org.springframework.web.filter.OncePerRequestFilter.doFilter(OncePerRequestFilter.java:107)
	at org.apache.catalina.core.ApplicationFilterChain.internalDoFilter(ApplicationFilterChain.java:193)
	at org.apache.catalina.core.ApplicationFilterChain.doFilter(ApplicationFilterChain.java:166)
	at org.apache.catalina.core.StandardWrapperValve.invoke(StandardWrapperValve.java:199)
	at org.apache.catalina.core.StandardContextValve.invoke(StandardContextValve.java:96)
	at org.apache.catalina.authenticator.AuthenticatorBase.invoke(AuthenticatorBase.java:478)
	at org.apache.catalina.core.StandardHostValve.invoke(StandardHostValve.java:140)
	at org.apache.catalina.valves.ErrorReportValve.invoke(ErrorReportValve.java:81)
	at org.apache.catalina.core.StandardEngineValve.invoke(StandardEngineValve.java:87)
	at org.apache.catalina.connector.CoyoteAdapter.service(CoyoteAdapter.java:342)
	at org.apache.coyote.http11.Http11Processor.service(Http11Processor.java:803)
	at org.apache.coyote.AbstractProcessorLight.process(AbstractProcessorLight.java:66)
	at org.apache.coyote.AbstractProtocol$ConnectionHandler.process(AbstractProtocol.java:868)
	at org.apache.tomcat.util.net.NioEndpoint$SocketProcessor.doRun(NioEndpoint.java:1459)
	at org.apache.tomcat.util.net.SocketProcessorBase.run(SocketProcessorBase.java:49)
	at java.util.concurrent.ThreadPoolExecutor.runWorker(ThreadPoolExecutor.java:1142)
	at java.util.concurrent.ThreadPoolExecutor$Worker.run(ThreadPoolExecutor.java:617)
	at org.apache.tomcat.util.threads.TaskThread$WrappingRunnable.run(TaskThread.java:61)
	at java.lang.Thread.run(Thread.java:745)
16:40:22.669 [main] INFO  com.cszt.MongoDBApplication - Starting MongoDBApplication on DESKTOP-302RR5M with PID 44136 (E:\Temp\spring-mongodb\target\classes started by jj in E:\Temp)
16:40:22.677 [main] INFO  com.cszt.MongoDBApplication - No active profile set, falling back to default profiles: default
16:40:22.725 [main] INFO  org.springframework.boot.context.embedded.AnnotationConfigEmbeddedWebApplicationContext - Refreshing org.springframework.boot.context.embedded.AnnotationConfigEmbeddedWebApplicationContext@eda25e5: startup date [Wed Sep 26 16:40:22 CST 2018]; root of context hierarchy
16:40:22.888 [background-preinit] INFO  org.hibernate.validator.internal.util.Version - HV000001: Hibernate Validator 5.3.6.Final
16:40:23.922 [main] INFO  org.springframework.boot.context.embedded.tomcat.TomcatEmbeddedServletContainer - Tomcat initialized with port(s): 8080 (http)
16:40:23.928 [main] INFO  org.apache.catalina.core.StandardService - Starting service [Tomcat]
16:40:23.929 [main] INFO  org.apache.catalina.core.StandardEngine - Starting Servlet Engine: Apache Tomcat/8.5.23
16:40:24.022 [localhost-startStop-1] INFO  org.apache.catalina.core.ContainerBase.[Tomcat].[localhost].[/] - Initializing Spring embedded WebApplicationContext
16:40:24.022 [localhost-startStop-1] INFO  org.springframework.web.context.ContextLoader - Root WebApplicationContext: initialization completed in 1297 ms
16:40:24.184 [localhost-startStop-1] INFO  org.springframework.boot.web.servlet.ServletRegistrationBean - Mapping servlet: 'dispatcherServlet' to [/]
16:40:24.187 [localhost-startStop-1] INFO  org.springframework.boot.web.servlet.FilterRegistrationBean - Mapping filter: 'characterEncodingFilter' to: [/*]
16:40:24.187 [localhost-startStop-1] INFO  org.springframework.boot.web.servlet.FilterRegistrationBean - Mapping filter: 'hiddenHttpMethodFilter' to: [/*]
16:40:24.187 [localhost-startStop-1] INFO  org.springframework.boot.web.servlet.FilterRegistrationBean - Mapping filter: 'httpPutFormContentFilter' to: [/*]
16:40:24.187 [localhost-startStop-1] INFO  org.springframework.boot.web.servlet.FilterRegistrationBean - Mapping filter: 'requestContextFilter' to: [/*]
16:40:24.969 [main] INFO  org.mongodb.driver.cluster - Cluster created with settings {hosts=[localhost:27017], mode=MULTIPLE, requiredClusterType=UNKNOWN, serverSelectionTimeout='30000 ms', maxWaitQueueSize=500}
16:40:24.970 [main] INFO  org.mongodb.driver.cluster - Adding discovered server localhost:27017 to client view of cluster
16:40:25.027 [cluster-ClusterId{value='5bab45f80d853aac6835cd08', description='null'}-localhost:27017] INFO  org.mongodb.driver.connection - Opened connection [connectionId{localValue:1, serverValue:5}] to localhost:27017
16:40:25.028 [cluster-ClusterId{value='5bab45f80d853aac6835cd08', description='null'}-localhost:27017] INFO  org.mongodb.driver.cluster - Monitor thread successfully connected to server with description ServerDescription{address=localhost:27017, type=STANDALONE, state=CONNECTED, ok=true, version=ServerVersion{versionList=[4, 0, 2]}, minWireVersion=0, maxWireVersion=7, maxDocumentSize=16777216, roundTripTimeNanos=466762}
16:40:25.029 [cluster-ClusterId{value='5bab45f80d853aac6835cd08', description='null'}-localhost:27017] INFO  org.mongodb.driver.cluster - Discovered cluster type of STANDALONE
16:40:25.407 [main] INFO  org.springframework.web.servlet.mvc.method.annotation.RequestMappingHandlerAdapter - Looking for @ControllerAdvice: org.springframework.boot.context.embedded.AnnotationConfigEmbeddedWebApplicationContext@eda25e5: startup date [Wed Sep 26 16:40:22 CST 2018]; root of context hierarchy
16:40:25.430 [main] INFO  org.mongodb.driver.connection - Opened connection [connectionId{localValue:2, serverValue:6}] to localhost:27017
16:40:25.483 [main] INFO  org.springframework.web.servlet.mvc.method.annotation.RequestMappingHandlerMapping - Mapped "{[/mongo]}" onto public java.lang.String com.cszt.controller.MongoController.hello()
16:40:25.487 [main] INFO  org.springframework.web.servlet.mvc.method.annotation.RequestMappingHandlerMapping - Mapped "{[/insert],methods=[GET]}" onto public java.lang.String com.cszt.controller.UserController.insert()
16:40:25.490 [main] INFO  org.springframework.web.servlet.mvc.method.annotation.RequestMappingHandlerMapping - Mapped "{[/find],methods=[GET]}" onto public java.util.List<com.cszt.domain.User> com.cszt.controller.UserController.getUser(java.lang.String)
16:40:25.491 [main] INFO  org.springframework.web.servlet.mvc.method.annotation.RequestMappingHandlerMapping - Mapped "{[/findAll],methods=[GET]}" onto public java.util.List<com.cszt.domain.User> com.cszt.controller.UserController.getAllUser()
16:40:25.493 [main] INFO  org.springframework.web.servlet.mvc.method.annotation.RequestMappingHandlerMapping - Mapped "{[/error]}" onto public org.springframework.http.ResponseEntity<java.util.Map<java.lang.String, java.lang.Object>> org.springframework.boot.autoconfigure.web.BasicErrorController.error(javax.servlet.http.HttpServletRequest)
16:40:25.494 [main] INFO  org.springframework.web.servlet.mvc.method.annotation.RequestMappingHandlerMapping - Mapped "{[/error],produces=[text/html]}" onto public org.springframework.web.servlet.ModelAndView org.springframework.boot.autoconfigure.web.BasicErrorController.errorHtml(javax.servlet.http.HttpServletRequest,javax.servlet.http.HttpServletResponse)
16:40:25.517 [main] INFO  org.springframework.web.servlet.handler.SimpleUrlHandlerMapping - Mapped URL path [/webjars/**] onto handler of type [class org.springframework.web.servlet.resource.ResourceHttpRequestHandler]
16:40:25.518 [main] INFO  org.springframework.web.servlet.handler.SimpleUrlHandlerMapping - Mapped URL path [/**] onto handler of type [class org.springframework.web.servlet.resource.ResourceHttpRequestHandler]
16:40:25.547 [main] INFO  org.springframework.web.servlet.handler.SimpleUrlHandlerMapping - Mapped URL path [/**/favicon.ico] onto handler of type [class org.springframework.web.servlet.resource.ResourceHttpRequestHandler]
16:40:25.751 [main] INFO  org.springframework.jmx.export.annotation.AnnotationMBeanExporter - Registering beans for JMX exposure on startup
16:40:25.856 [main] INFO  org.apache.coyote.http11.Http11NioProtocol - Initializing ProtocolHandler ["http-nio-8080"]
16:40:25.863 [main] INFO  org.apache.coyote.http11.Http11NioProtocol - Starting ProtocolHandler ["http-nio-8080"]
16:40:25.872 [main] INFO  org.apache.tomcat.util.net.NioSelectorPool - Using a shared selector for servlet write/read
16:40:25.883 [main] INFO  org.springframework.boot.context.embedded.tomcat.TomcatEmbeddedServletContainer - Tomcat started on port(s): 8080 (http)
16:40:25.888 [main] INFO  com.cszt.MongoDBApplication - Started MongoDBApplication in 3.528 seconds (JVM running for 4.425)
16:40:25.921 [http-nio-8080-exec-1] INFO  org.apache.catalina.core.ContainerBase.[Tomcat].[localhost].[/] - Initializing Spring FrameworkServlet 'dispatcherServlet'
16:40:25.923 [http-nio-8080-exec-1] INFO  org.springframework.web.servlet.DispatcherServlet - FrameworkServlet 'dispatcherServlet': initialization started
16:40:25.949 [http-nio-8080-exec-1] INFO  org.springframework.web.servlet.DispatcherServlet - FrameworkServlet 'dispatcherServlet': initialization completed in 25 ms
16:40:50.115 [main] INFO  com.cszt.MongoDBApplication - Starting MongoDBApplication on DESKTOP-302RR5M with PID 45536 (E:\Temp\spring-mongodb\target\classes started by jj in E:\Temp)
16:40:50.123 [main] INFO  com.cszt.MongoDBApplication - No active profile set, falling back to default profiles: default
16:40:50.175 [main] INFO  org.springframework.boot.context.embedded.AnnotationConfigEmbeddedWebApplicationContext - Refreshing org.springframework.boot.context.embedded.AnnotationConfigEmbeddedWebApplicationContext@eda25e5: startup date [Wed Sep 26 16:40:50 CST 2018]; root of context hierarchy
16:40:50.314 [background-preinit] INFO  org.hibernate.validator.internal.util.Version - HV000001: Hibernate Validator 5.3.6.Final
16:40:51.432 [main] INFO  org.springframework.boot.context.embedded.tomcat.TomcatEmbeddedServletContainer - Tomcat initialized with port(s): 8080 (http)
16:40:51.438 [main] INFO  org.apache.catalina.core.StandardService - Starting service [Tomcat]
16:40:51.439 [main] INFO  org.apache.catalina.core.StandardEngine - Starting Servlet Engine: Apache Tomcat/8.5.23
16:40:51.521 [localhost-startStop-1] INFO  org.apache.catalina.core.ContainerBase.[Tomcat].[localhost].[/] - Initializing Spring embedded WebApplicationContext
16:40:51.521 [localhost-startStop-1] INFO  org.springframework.web.context.ContextLoader - Root WebApplicationContext: initialization completed in 1346 ms
16:40:51.671 [localhost-startStop-1] INFO  org.springframework.boot.web.servlet.ServletRegistrationBean - Mapping servlet: 'dispatcherServlet' to [/]
16:40:51.674 [localhost-startStop-1] INFO  org.springframework.boot.web.servlet.FilterRegistrationBean - Mapping filter: 'characterEncodingFilter' to: [/*]
16:40:51.675 [localhost-startStop-1] INFO  org.springframework.boot.web.servlet.FilterRegistrationBean - Mapping filter: 'hiddenHttpMethodFilter' to: [/*]
16:40:51.675 [localhost-startStop-1] INFO  org.springframework.boot.web.servlet.FilterRegistrationBean - Mapping filter: 'httpPutFormContentFilter' to: [/*]
16:40:51.675 [localhost-startStop-1] INFO  org.springframework.boot.web.servlet.FilterRegistrationBean - Mapping filter: 'requestContextFilter' to: [/*]
16:40:52.437 [main] INFO  org.mongodb.driver.cluster - Cluster created with settings {hosts=[localhost:27017], mode=MULTIPLE, requiredClusterType=UNKNOWN, serverSelectionTimeout='30000 ms', maxWaitQueueSize=500}
16:40:52.437 [main] INFO  org.mongodb.driver.cluster - Adding discovered server localhost:27017 to client view of cluster
16:40:52.475 [cluster-ClusterId{value='5bab46140d853ab1e010a61d', description='null'}-localhost:27017] INFO  org.mongodb.driver.connection - Opened connection [connectionId{localValue:1, serverValue:7}] to localhost:27017
16:40:52.477 [cluster-ClusterId{value='5bab46140d853ab1e010a61d', description='null'}-localhost:27017] INFO  org.mongodb.driver.cluster - Monitor thread successfully connected to server with description ServerDescription{address=localhost:27017, type=STANDALONE, state=CONNECTED, ok=true, version=ServerVersion{versionList=[4, 0, 2]}, minWireVersion=0, maxWireVersion=7, maxDocumentSize=16777216, roundTripTimeNanos=448256}
16:40:52.478 [cluster-ClusterId{value='5bab46140d853ab1e010a61d', description='null'}-localhost:27017] INFO  org.mongodb.driver.cluster - Discovered cluster type of STANDALONE
16:40:52.886 [main] INFO  org.springframework.web.servlet.mvc.method.annotation.RequestMappingHandlerAdapter - Looking for @ControllerAdvice: org.springframework.boot.context.embedded.AnnotationConfigEmbeddedWebApplicationContext@eda25e5: startup date [Wed Sep 26 16:40:50 CST 2018]; root of context hierarchy
16:40:52.911 [main] INFO  org.mongodb.driver.connection - Opened connection [connectionId{localValue:2, serverValue:8}] to localhost:27017
16:40:52.981 [main] INFO  org.springframework.web.servlet.mvc.method.annotation.RequestMappingHandlerMapping - Mapped "{[/mongo]}" onto public java.lang.String com.cszt.controller.MongoController.hello()
16:40:52.989 [main] INFO  org.springframework.web.servlet.mvc.method.annotation.RequestMappingHandlerMapping - Mapped "{[/insert],methods=[GET]}" onto public java.lang.String com.cszt.controller.UserController.insert()
16:40:52.993 [main] INFO  org.springframework.web.servlet.mvc.method.annotation.RequestMappingHandlerMapping - Mapped "{[/find],methods=[GET]}" onto public java.util.List<com.cszt.domain.User> com.cszt.controller.UserController.getUser(java.lang.String)
16:40:52.995 [main] INFO  org.springframework.web.servlet.mvc.method.annotation.RequestMappingHandlerMapping - Mapped "{[/findAll],methods=[GET]}" onto public java.util.List<com.cszt.domain.User> com.cszt.controller.UserController.getAllUser()
16:40:52.999 [main] INFO  org.springframework.web.servlet.mvc.method.annotation.RequestMappingHandlerMapping - Mapped "{[/error]}" onto public org.springframework.http.ResponseEntity<java.util.Map<java.lang.String, java.lang.Object>> org.springframework.boot.autoconfigure.web.BasicErrorController.error(javax.servlet.http.HttpServletRequest)
16:40:53.001 [main] INFO  org.springframework.web.servlet.mvc.method.annotation.RequestMappingHandlerMapping - Mapped "{[/error],produces=[text/html]}" onto public org.springframework.web.servlet.ModelAndView org.springframework.boot.autoconfigure.web.BasicErrorController.errorHtml(javax.servlet.http.HttpServletRequest,javax.servlet.http.HttpServletResponse)
16:40:53.024 [main] INFO  org.springframework.web.servlet.handler.SimpleUrlHandlerMapping - Mapped URL path [/webjars/**] onto handler of type [class org.springframework.web.servlet.resource.ResourceHttpRequestHandler]
16:40:53.026 [main] INFO  org.springframework.web.servlet.handler.SimpleUrlHandlerMapping - Mapped URL path [/**] onto handler of type [class org.springframework.web.servlet.resource.ResourceHttpRequestHandler]
16:40:53.054 [main] INFO  org.springframework.web.servlet.handler.SimpleUrlHandlerMapping - Mapped URL path [/**/favicon.ico] onto handler of type [class org.springframework.web.servlet.resource.ResourceHttpRequestHandler]
16:40:53.255 [main] INFO  org.springframework.jmx.export.annotation.AnnotationMBeanExporter - Registering beans for JMX exposure on startup
16:40:53.327 [main] INFO  org.apache.coyote.http11.Http11NioProtocol - Initializing ProtocolHandler ["http-nio-8080"]
16:40:53.334 [main] INFO  org.apache.coyote.http11.Http11NioProtocol - Starting ProtocolHandler ["http-nio-8080"]
16:40:53.344 [main] INFO  org.apache.tomcat.util.net.NioSelectorPool - Using a shared selector for servlet write/read
16:40:53.357 [main] INFO  org.springframework.boot.context.embedded.tomcat.TomcatEmbeddedServletContainer - Tomcat started on port(s): 8080 (http)
16:40:53.361 [main] INFO  com.cszt.MongoDBApplication - Started MongoDBApplication in 3.597 seconds (JVM running for 4.507)
16:40:58.906 [http-nio-8080-exec-1] INFO  org.apache.catalina.core.ContainerBase.[Tomcat].[localhost].[/] - Initializing Spring FrameworkServlet 'dispatcherServlet'
16:40:58.908 [http-nio-8080-exec-1] INFO  org.springframework.web.servlet.DispatcherServlet - FrameworkServlet 'dispatcherServlet': initialization started
16:40:58.935 [http-nio-8080-exec-1] INFO  org.springframework.web.servlet.DispatcherServlet - FrameworkServlet 'dispatcherServlet': initialization completed in 26 ms
16:42:50.312 [main] INFO  com.cszt.MongoDBApplication - Starting MongoDBApplication on DESKTOP-302RR5M with PID 44496 (E:\Temp\spring-mongodb\target\classes started by jj in E:\Temp)
16:42:50.320 [main] INFO  com.cszt.MongoDBApplication - No active profile set, falling back to default profiles: default
16:42:50.375 [main] INFO  org.springframework.boot.context.embedded.AnnotationConfigEmbeddedWebApplicationContext - Refreshing org.springframework.boot.context.embedded.AnnotationConfigEmbeddedWebApplicationContext@46268f08: startup date [Wed Sep 26 16:42:50 CST 2018]; root of context hierarchy
16:42:50.510 [background-preinit] INFO  org.hibernate.validator.internal.util.Version - HV000001: Hibernate Validator 5.3.6.Final
16:42:51.744 [main] INFO  org.springframework.boot.context.embedded.tomcat.TomcatEmbeddedServletContainer - Tomcat initialized with port(s): 8080 (http)
16:42:51.752 [main] INFO  org.apache.catalina.core.StandardService - Starting service [Tomcat]
16:42:51.753 [main] INFO  org.apache.catalina.core.StandardEngine - Starting Servlet Engine: Apache Tomcat/8.5.23
16:42:51.842 [localhost-startStop-1] INFO  org.apache.catalina.core.ContainerBase.[Tomcat].[localhost].[/] - Initializing Spring embedded WebApplicationContext
16:42:51.843 [localhost-startStop-1] INFO  org.springframework.web.context.ContextLoader - Root WebApplicationContext: initialization completed in 1468 ms
16:42:51.996 [localhost-startStop-1] INFO  org.springframework.boot.web.servlet.ServletRegistrationBean - Mapping servlet: 'dispatcherServlet' to [/]
16:42:51.999 [localhost-startStop-1] INFO  org.springframework.boot.web.servlet.FilterRegistrationBean - Mapping filter: 'characterEncodingFilter' to: [/*]
16:42:51.999 [localhost-startStop-1] INFO  org.springframework.boot.web.servlet.FilterRegistrationBean - Mapping filter: 'hiddenHttpMethodFilter' to: [/*]
16:42:52.000 [localhost-startStop-1] INFO  org.springframework.boot.web.servlet.FilterRegistrationBean - Mapping filter: 'httpPutFormContentFilter' to: [/*]
16:42:52.000 [localhost-startStop-1] INFO  org.springframework.boot.web.servlet.FilterRegistrationBean - Mapping filter: 'requestContextFilter' to: [/*]
16:42:52.781 [main] INFO  org.mongodb.driver.cluster - Cluster created with settings {hosts=[localhost:27017], mode=MULTIPLE, requiredClusterType=UNKNOWN, serverSelectionTimeout='30000 ms', maxWaitQueueSize=500}
16:42:52.781 [main] INFO  org.mongodb.driver.cluster - Adding discovered server localhost:27017 to client view of cluster
16:42:52.821 [cluster-ClusterId{value='5bab468c0d853aadd0c8074b', description='null'}-localhost:27017] INFO  org.mongodb.driver.connection - Opened connection [connectionId{localValue:1, serverValue:9}] to localhost:27017
16:42:52.823 [cluster-ClusterId{value='5bab468c0d853aadd0c8074b', description='null'}-localhost:27017] INFO  org.mongodb.driver.cluster - Monitor thread successfully connected to server with description ServerDescription{address=localhost:27017, type=STANDALONE, state=CONNECTED, ok=true, version=ServerVersion{versionList=[4, 0, 2]}, minWireVersion=0, maxWireVersion=7, maxDocumentSize=16777216, roundTripTimeNanos=434377}
16:42:52.824 [cluster-ClusterId{value='5bab468c0d853aadd0c8074b', description='null'}-localhost:27017] INFO  org.mongodb.driver.cluster - Discovered cluster type of STANDALONE
16:42:53.228 [main] INFO  org.springframework.web.servlet.mvc.method.annotation.RequestMappingHandlerAdapter - Looking for @ControllerAdvice: org.springframework.boot.context.embedded.AnnotationConfigEmbeddedWebApplicationContext@46268f08: startup date [Wed Sep 26 16:42:50 CST 2018]; root of context hierarchy
16:42:53.251 [main] INFO  org.mongodb.driver.connection - Opened connection [connectionId{localValue:2, serverValue:10}] to localhost:27017
16:42:53.302 [main] INFO  org.springframework.web.servlet.mvc.method.annotation.RequestMappingHandlerMapping - Mapped "{[/mongo]}" onto public java.lang.String com.cszt.controller.MongoController.hello()
16:42:53.307 [main] INFO  org.springframework.web.servlet.mvc.method.annotation.RequestMappingHandlerMapping - Mapped "{[/insert],methods=[GET]}" onto public java.lang.String com.cszt.controller.UserController.insert()
16:42:53.308 [main] INFO  org.springframework.web.servlet.mvc.method.annotation.RequestMappingHandlerMapping - Mapped "{[/findAll],methods=[GET]}" onto public java.util.List<com.cszt.domain.User> com.cszt.controller.UserController.getAllUser()
16:42:53.310 [main] INFO  org.springframework.web.servlet.mvc.method.annotation.RequestMappingHandlerMapping - Mapped "{[/find],methods=[GET]}" onto public java.util.List<com.cszt.domain.User> com.cszt.controller.UserController.getUser(java.lang.String)
16:42:53.312 [main] INFO  org.springframework.web.servlet.mvc.method.annotation.RequestMappingHandlerMapping - Mapped "{[/error]}" onto public org.springframework.http.ResponseEntity<java.util.Map<java.lang.String, java.lang.Object>> org.springframework.boot.autoconfigure.web.BasicErrorController.error(javax.servlet.http.HttpServletRequest)
16:42:53.313 [main] INFO  org.springframework.web.servlet.mvc.method.annotation.RequestMappingHandlerMapping - Mapped "{[/error],produces=[text/html]}" onto public org.springframework.web.servlet.ModelAndView org.springframework.boot.autoconfigure.web.BasicErrorController.errorHtml(javax.servlet.http.HttpServletRequest,javax.servlet.http.HttpServletResponse)
16:42:53.335 [main] INFO  org.springframework.web.servlet.handler.SimpleUrlHandlerMapping - Mapped URL path [/webjars/**] onto handler of type [class org.springframework.web.servlet.resource.ResourceHttpRequestHandler]
16:42:53.336 [main] INFO  org.springframework.web.servlet.handler.SimpleUrlHandlerMapping - Mapped URL path [/**] onto handler of type [class org.springframework.web.servlet.resource.ResourceHttpRequestHandler]
16:42:53.363 [main] INFO  org.springframework.web.servlet.handler.SimpleUrlHandlerMapping - Mapped URL path [/**/favicon.ico] onto handler of type [class org.springframework.web.servlet.resource.ResourceHttpRequestHandler]
16:42:53.552 [main] INFO  org.springframework.jmx.export.annotation.AnnotationMBeanExporter - Registering beans for JMX exposure on startup
16:42:53.564 [main] INFO  org.apache.coyote.http11.Http11NioProtocol - Initializing ProtocolHandler ["http-nio-8080"]
16:42:53.661 [main] INFO  org.apache.coyote.http11.Http11NioProtocol - Starting ProtocolHandler ["http-nio-8080"]
16:42:53.670 [main] INFO  org.apache.tomcat.util.net.NioSelectorPool - Using a shared selector for servlet write/read
16:42:53.682 [main] INFO  org.springframework.boot.context.embedded.tomcat.TomcatEmbeddedServletContainer - Tomcat started on port(s): 8080 (http)
16:42:53.685 [main] INFO  com.cszt.MongoDBApplication - Started MongoDBApplication in 3.716 seconds (JVM running for 4.738)
16:42:53.915 [http-nio-8080-exec-1] INFO  org.apache.catalina.core.ContainerBase.[Tomcat].[localhost].[/] - Initializing Spring FrameworkServlet 'dispatcherServlet'
16:42:53.916 [http-nio-8080-exec-1] INFO  org.springframework.web.servlet.DispatcherServlet - FrameworkServlet 'dispatcherServlet': initialization started
16:42:53.943 [http-nio-8080-exec-1] INFO  org.springframework.web.servlet.DispatcherServlet - FrameworkServlet 'dispatcherServlet': initialization completed in 26 ms
16:45:40.765 [main] INFO  com.cszt.MongoDBApplication - Starting MongoDBApplication on DESKTOP-302RR5M with PID 45276 (E:\Temp\spring-mongodb\target\classes started by jj in E:\Temp)
16:45:40.775 [main] INFO  com.cszt.MongoDBApplication - No active profile set, falling back to default profiles: default
16:45:40.842 [main] INFO  org.springframework.boot.context.embedded.AnnotationConfigEmbeddedWebApplicationContext - Refreshing org.springframework.boot.context.embedded.AnnotationConfigEmbeddedWebApplicationContext@2a76840c: startup date [Wed Sep 26 16:45:40 CST 2018]; root of context hierarchy
16:45:41.070 [background-preinit] INFO  org.hibernate.validator.internal.util.Version - HV000001: Hibernate Validator 5.3.6.Final
16:45:42.342 [main] INFO  org.springframework.boot.context.embedded.tomcat.TomcatEmbeddedServletContainer - Tomcat initialized with port(s): 8080 (http)
16:45:42.349 [main] INFO  org.apache.catalina.core.StandardService - Starting service [Tomcat]
16:45:42.350 [main] INFO  org.apache.catalina.core.StandardEngine - Starting Servlet Engine: Apache Tomcat/8.5.23
16:45:42.442 [localhost-startStop-1] INFO  org.apache.catalina.core.ContainerBase.[Tomcat].[localhost].[/] - Initializing Spring embedded WebApplicationContext
16:45:42.442 [localhost-startStop-1] INFO  org.springframework.web.context.ContextLoader - Root WebApplicationContext: initialization completed in 1600 ms
16:45:42.607 [localhost-startStop-1] INFO  org.springframework.boot.web.servlet.ServletRegistrationBean - Mapping servlet: 'dispatcherServlet' to [/]
16:45:42.610 [localhost-startStop-1] INFO  org.springframework.boot.web.servlet.FilterRegistrationBean - Mapping filter: 'characterEncodingFilter' to: [/*]
16:45:42.610 [localhost-startStop-1] INFO  org.springframework.boot.web.servlet.FilterRegistrationBean - Mapping filter: 'hiddenHttpMethodFilter' to: [/*]
16:45:42.611 [localhost-startStop-1] INFO  org.springframework.boot.web.servlet.FilterRegistrationBean - Mapping filter: 'httpPutFormContentFilter' to: [/*]
16:45:42.611 [localhost-startStop-1] INFO  org.springframework.boot.web.servlet.FilterRegistrationBean - Mapping filter: 'requestContextFilter' to: [/*]
16:45:43.455 [main] INFO  org.mongodb.driver.cluster - Cluster created with settings {hosts=[localhost:27017], mode=MULTIPLE, requiredClusterType=UNKNOWN, serverSelectionTimeout='30000 ms', maxWaitQueueSize=500}
16:45:43.456 [main] INFO  org.mongodb.driver.cluster - Adding discovered server localhost:27017 to client view of cluster
16:45:43.503 [cluster-ClusterId{value='5bab47370d853ab0dc54f28a', description='null'}-localhost:27017] INFO  org.mongodb.driver.connection - Opened connection [connectionId{localValue:1, serverValue:11}] to localhost:27017
16:45:43.504 [cluster-ClusterId{value='5bab47370d853ab0dc54f28a', description='null'}-localhost:27017] INFO  org.mongodb.driver.cluster - Monitor thread successfully connected to server with description ServerDescription{address=localhost:27017, type=STANDALONE, state=CONNECTED, ok=true, version=ServerVersion{versionList=[4, 0, 2]}, minWireVersion=0, maxWireVersion=7, maxDocumentSize=16777216, roundTripTimeNanos=378859}
16:45:43.505 [cluster-ClusterId{value='5bab47370d853ab0dc54f28a', description='null'}-localhost:27017] INFO  org.mongodb.driver.cluster - Discovered cluster type of STANDALONE
16:45:43.953 [main] INFO  org.springframework.web.servlet.mvc.method.annotation.RequestMappingHandlerAdapter - Looking for @ControllerAdvice: org.springframework.boot.context.embedded.AnnotationConfigEmbeddedWebApplicationContext@2a76840c: startup date [Wed Sep 26 16:45:40 CST 2018]; root of context hierarchy
16:45:43.978 [main] INFO  org.mongodb.driver.connection - Opened connection [connectionId{localValue:2, serverValue:12}] to localhost:27017
16:45:44.035 [main] INFO  org.springframework.web.servlet.mvc.method.annotation.RequestMappingHandlerMapping - Mapped "{[/mongo]}" onto public java.lang.String com.cszt.controller.MongoController.hello()
16:45:44.038 [main] INFO  org.springframework.web.servlet.mvc.method.annotation.RequestMappingHandlerMapping - Mapped "{[/insert],methods=[GET]}" onto public java.lang.String com.cszt.controller.UserController.insert()
16:45:44.039 [main] INFO  org.springframework.web.servlet.mvc.method.annotation.RequestMappingHandlerMapping - Mapped "{[/findAll],methods=[GET]}" onto public java.util.List<com.cszt.domain.User> com.cszt.controller.UserController.getAllUser()
16:45:44.042 [main] INFO  org.springframework.web.servlet.mvc.method.annotation.RequestMappingHandlerMapping - Mapped "{[/find],methods=[GET]}" onto public java.util.List<com.cszt.domain.User> com.cszt.controller.UserController.getUser(java.lang.String)
16:45:44.044 [main] INFO  org.springframework.web.servlet.mvc.method.annotation.RequestMappingHandlerMapping - Mapped "{[/error]}" onto public org.springframework.http.ResponseEntity<java.util.Map<java.lang.String, java.lang.Object>> org.springframework.boot.autoconfigure.web.BasicErrorController.error(javax.servlet.http.HttpServletRequest)
16:45:44.046 [main] INFO  org.springframework.web.servlet.mvc.method.annotation.RequestMappingHandlerMapping - Mapped "{[/error],produces=[text/html]}" onto public org.springframework.web.servlet.ModelAndView org.springframework.boot.autoconfigure.web.BasicErrorController.errorHtml(javax.servlet.http.HttpServletRequest,javax.servlet.http.HttpServletResponse)
16:45:44.071 [main] INFO  org.springframework.web.servlet.handler.SimpleUrlHandlerMapping - Mapped URL path [/webjars/**] onto handler of type [class org.springframework.web.servlet.resource.ResourceHttpRequestHandler]
16:45:44.072 [main] INFO  org.springframework.web.servlet.handler.SimpleUrlHandlerMapping - Mapped URL path [/**] onto handler of type [class org.springframework.web.servlet.resource.ResourceHttpRequestHandler]
16:45:44.102 [main] INFO  org.springframework.web.servlet.handler.SimpleUrlHandlerMapping - Mapped URL path [/**/favicon.ico] onto handler of type [class org.springframework.web.servlet.resource.ResourceHttpRequestHandler]
16:45:44.301 [main] INFO  org.springframework.jmx.export.annotation.AnnotationMBeanExporter - Registering beans for JMX exposure on startup
16:45:44.316 [main] INFO  org.apache.coyote.http11.Http11NioProtocol - Initializing ProtocolHandler ["http-nio-8080"]
16:45:44.323 [main] INFO  org.apache.coyote.http11.Http11NioProtocol - Starting ProtocolHandler ["http-nio-8080"]
16:45:44.386 [main] INFO  org.apache.tomcat.util.net.NioSelectorPool - Using a shared selector for servlet write/read
16:45:44.399 [main] INFO  org.springframework.boot.context.embedded.tomcat.TomcatEmbeddedServletContainer - Tomcat started on port(s): 8080 (http)
16:45:44.403 [main] INFO  com.cszt.MongoDBApplication - Started MongoDBApplication in 3.997 seconds (JVM running for 4.894)
16:45:45.293 [http-nio-8080-exec-1] INFO  org.apache.catalina.core.ContainerBase.[Tomcat].[localhost].[/] - Initializing Spring FrameworkServlet 'dispatcherServlet'
16:45:45.295 [http-nio-8080-exec-1] INFO  org.springframework.web.servlet.DispatcherServlet - FrameworkServlet 'dispatcherServlet': initialization started
16:45:45.321 [http-nio-8080-exec-1] INFO  org.springframework.web.servlet.DispatcherServlet - FrameworkServlet 'dispatcherServlet': initialization completed in 26 ms
16:47:02.650 [main] INFO  com.cszt.MongoDBApplication - Starting MongoDBApplication on DESKTOP-302RR5M with PID 45992 (E:\Temp\spring-mongodb\target\classes started by jj in E:\Temp)
16:47:02.658 [main] INFO  com.cszt.MongoDBApplication - No active profile set, falling back to default profiles: default
16:47:02.707 [main] INFO  org.springframework.boot.context.embedded.AnnotationConfigEmbeddedWebApplicationContext - Refreshing org.springframework.boot.context.embedded.AnnotationConfigEmbeddedWebApplicationContext@eda25e5: startup date [Wed Sep 26 16:47:02 CST 2018]; root of context hierarchy
16:47:02.860 [background-preinit] INFO  org.hibernate.validator.internal.util.Version - HV000001: Hibernate Validator 5.3.6.Final
16:47:03.936 [main] INFO  org.springframework.boot.context.embedded.tomcat.TomcatEmbeddedServletContainer - Tomcat initialized with port(s): 8080 (http)
16:47:03.944 [main] INFO  org.apache.catalina.core.StandardService - Starting service [Tomcat]
16:47:03.945 [main] INFO  org.apache.catalina.core.StandardEngine - Starting Servlet Engine: Apache Tomcat/8.5.23
16:47:04.030 [localhost-startStop-1] INFO  org.apache.catalina.core.ContainerBase.[Tomcat].[localhost].[/] - Initializing Spring embedded WebApplicationContext
16:47:04.031 [localhost-startStop-1] INFO  org.springframework.web.context.ContextLoader - Root WebApplicationContext: initialization completed in 1324 ms
16:47:04.178 [localhost-startStop-1] INFO  org.springframework.boot.web.servlet.ServletRegistrationBean - Mapping servlet: 'dispatcherServlet' to [/]
16:47:04.182 [localhost-startStop-1] INFO  org.springframework.boot.web.servlet.FilterRegistrationBean - Mapping filter: 'characterEncodingFilter' to: [/*]
16:47:04.182 [localhost-startStop-1] INFO  org.springframework.boot.web.servlet.FilterRegistrationBean - Mapping filter: 'hiddenHttpMethodFilter' to: [/*]
16:47:04.182 [localhost-startStop-1] INFO  org.springframework.boot.web.servlet.FilterRegistrationBean - Mapping filter: 'httpPutFormContentFilter' to: [/*]
16:47:04.183 [localhost-startStop-1] INFO  org.springframework.boot.web.servlet.FilterRegistrationBean - Mapping filter: 'requestContextFilter' to: [/*]
16:47:04.943 [main] INFO  org.mongodb.driver.cluster - Cluster created with settings {hosts=[localhost:27017], mode=MULTIPLE, requiredClusterType=UNKNOWN, serverSelectionTimeout='30000 ms', maxWaitQueueSize=500}
16:47:04.944 [main] INFO  org.mongodb.driver.cluster - Adding discovered server localhost:27017 to client view of cluster
16:47:04.983 [cluster-ClusterId{value='5bab47880d853ab3a89044f3', description='null'}-localhost:27017] INFO  org.mongodb.driver.connection - Opened connection [connectionId{localValue:1, serverValue:13}] to localhost:27017
16:47:04.985 [cluster-ClusterId{value='5bab47880d853ab3a89044f3', description='null'}-localhost:27017] INFO  org.mongodb.driver.cluster - Monitor thread successfully connected to server with description ServerDescription{address=localhost:27017, type=STANDALONE, state=CONNECTED, ok=true, version=ServerVersion{versionList=[4, 0, 2]}, minWireVersion=0, maxWireVersion=7, maxDocumentSize=16777216, roundTripTimeNanos=370634}
16:47:04.986 [cluster-ClusterId{value='5bab47880d853ab3a89044f3', description='null'}-localhost:27017] INFO  org.mongodb.driver.cluster - Discovered cluster type of STANDALONE
16:47:05.397 [main] INFO  org.springframework.web.servlet.mvc.method.annotation.RequestMappingHandlerAdapter - Looking for @ControllerAdvice: org.springframework.boot.context.embedded.AnnotationConfigEmbeddedWebApplicationContext@eda25e5: startup date [Wed Sep 26 16:47:02 CST 2018]; root of context hierarchy
16:47:05.423 [main] INFO  org.mongodb.driver.connection - Opened connection [connectionId{localValue:2, serverValue:14}] to localhost:27017
16:47:05.477 [main] INFO  org.springframework.web.servlet.mvc.method.annotation.RequestMappingHandlerMapping - Mapped "{[/mongo]}" onto public java.lang.String com.cszt.controller.MongoController.hello()
16:47:05.482 [main] INFO  org.springframework.web.servlet.mvc.method.annotation.RequestMappingHandlerMapping - Mapped "{[/insert],methods=[GET]}" onto public java.lang.String com.cszt.controller.UserController.insert()
16:47:05.483 [main] INFO  org.springframework.web.servlet.mvc.method.annotation.RequestMappingHandlerMapping - Mapped "{[/findAll],methods=[GET]}" onto public java.util.List<com.cszt.domain.User> com.cszt.controller.UserController.getAllUser()
16:47:05.485 [main] INFO  org.springframework.web.servlet.mvc.method.annotation.RequestMappingHandlerMapping - Mapped "{[/find],methods=[GET]}" onto public java.util.List<com.cszt.domain.User> com.cszt.controller.UserController.getUser(java.lang.String)
16:47:05.488 [main] INFO  org.springframework.web.servlet.mvc.method.annotation.RequestMappingHandlerMapping - Mapped "{[/error]}" onto public org.springframework.http.ResponseEntity<java.util.Map<java.lang.String, java.lang.Object>> org.springframework.boot.autoconfigure.web.BasicErrorController.error(javax.servlet.http.HttpServletRequest)
16:47:05.489 [main] INFO  org.springframework.web.servlet.mvc.method.annotation.RequestMappingHandlerMapping - Mapped "{[/error],produces=[text/html]}" onto public org.springframework.web.servlet.ModelAndView org.springframework.boot.autoconfigure.web.BasicErrorController.errorHtml(javax.servlet.http.HttpServletRequest,javax.servlet.http.HttpServletResponse)
16:47:05.510 [main] INFO  org.springframework.web.servlet.handler.SimpleUrlHandlerMapping - Mapped URL path [/webjars/**] onto handler of type [class org.springframework.web.servlet.resource.ResourceHttpRequestHandler]
16:47:05.511 [main] INFO  org.springframework.web.servlet.handler.SimpleUrlHandlerMapping - Mapped URL path [/**] onto handler of type [class org.springframework.web.servlet.resource.ResourceHttpRequestHandler]
16:47:05.540 [main] INFO  org.springframework.web.servlet.handler.SimpleUrlHandlerMapping - Mapped URL path [/**/favicon.ico] onto handler of type [class org.springframework.web.servlet.resource.ResourceHttpRequestHandler]
16:47:05.742 [main] INFO  org.springframework.jmx.export.annotation.AnnotationMBeanExporter - Registering beans for JMX exposure on startup
16:47:05.840 [main] INFO  org.apache.coyote.http11.Http11NioProtocol - Initializing ProtocolHandler ["http-nio-8080"]
16:47:05.847 [main] INFO  org.apache.coyote.http11.Http11NioProtocol - Starting ProtocolHandler ["http-nio-8080"]
16:47:05.856 [main] INFO  org.apache.tomcat.util.net.NioSelectorPool - Using a shared selector for servlet write/read
16:47:05.867 [main] INFO  org.springframework.boot.context.embedded.tomcat.TomcatEmbeddedServletContainer - Tomcat started on port(s): 8080 (http)
16:47:05.871 [main] INFO  com.cszt.MongoDBApplication - Started MongoDBApplication in 3.547 seconds (JVM running for 4.427)
16:47:08.632 [http-nio-8080-exec-1] INFO  org.apache.catalina.core.ContainerBase.[Tomcat].[localhost].[/] - Initializing Spring FrameworkServlet 'dispatcherServlet'
16:47:08.633 [http-nio-8080-exec-1] INFO  org.springframework.web.servlet.DispatcherServlet - FrameworkServlet 'dispatcherServlet': initialization started
16:47:08.661 [http-nio-8080-exec-1] INFO  org.springframework.web.servlet.DispatcherServlet - FrameworkServlet 'dispatcherServlet': initialization completed in 26 ms
16:48:18.237 [main] INFO  com.cszt.MongoDBApplication - Starting MongoDBApplication on DESKTOP-302RR5M with PID 46960 (E:\Temp\spring-mongodb\target\classes started by jj in E:\Temp)
16:48:18.247 [main] INFO  com.cszt.MongoDBApplication - No active profile set, falling back to default profiles: default
16:48:18.299 [main] INFO  org.springframework.boot.context.embedded.AnnotationConfigEmbeddedWebApplicationContext - Refreshing org.springframework.boot.context.embedded.AnnotationConfigEmbeddedWebApplicationContext@34c01041: startup date [Wed Sep 26 16:48:18 CST 2018]; root of context hierarchy
16:48:18.476 [background-preinit] INFO  org.hibernate.validator.internal.util.Version - HV000001: Hibernate Validator 5.3.6.Final
16:48:19.751 [main] INFO  org.springframework.boot.context.embedded.tomcat.TomcatEmbeddedServletContainer - Tomcat initialized with port(s): 8080 (http)
16:48:19.757 [main] INFO  org.apache.catalina.core.StandardService - Starting service [Tomcat]
16:48:19.757 [main] INFO  org.apache.catalina.core.StandardEngine - Starting Servlet Engine: Apache Tomcat/8.5.23
16:48:19.852 [localhost-startStop-1] INFO  org.apache.catalina.core.ContainerBase.[Tomcat].[localhost].[/] - Initializing Spring embedded WebApplicationContext
16:48:19.852 [localhost-startStop-1] INFO  org.springframework.web.context.ContextLoader - Root WebApplicationContext: initialization completed in 1553 ms
16:48:20.052 [localhost-startStop-1] INFO  org.springframework.boot.web.servlet.ServletRegistrationBean - Mapping servlet: 'dispatcherServlet' to [/]
16:48:20.055 [localhost-startStop-1] INFO  org.springframework.boot.web.servlet.FilterRegistrationBean - Mapping filter: 'characterEncodingFilter' to: [/*]
16:48:20.055 [localhost-startStop-1] INFO  org.springframework.boot.web.servlet.FilterRegistrationBean - Mapping filter: 'hiddenHttpMethodFilter' to: [/*]
16:48:20.055 [localhost-startStop-1] INFO  org.springframework.boot.web.servlet.FilterRegistrationBean - Mapping filter: 'httpPutFormContentFilter' to: [/*]
16:48:20.055 [localhost-startStop-1] INFO  org.springframework.boot.web.servlet.FilterRegistrationBean - Mapping filter: 'requestContextFilter' to: [/*]
16:48:20.854 [main] INFO  org.mongodb.driver.cluster - Cluster created with settings {hosts=[localhost:27017], mode=MULTIPLE, requiredClusterType=UNKNOWN, serverSelectionTimeout='30000 ms', maxWaitQueueSize=500}
16:48:20.854 [main] INFO  org.mongodb.driver.cluster - Adding discovered server localhost:27017 to client view of cluster
16:48:20.894 [cluster-ClusterId{value='5bab47d40d853ab77003ccf6', description='null'}-localhost:27017] INFO  org.mongodb.driver.connection - Opened connection [connectionId{localValue:1, serverValue:15}] to localhost:27017
16:48:20.896 [cluster-ClusterId{value='5bab47d40d853ab77003ccf6', description='null'}-localhost:27017] INFO  org.mongodb.driver.cluster - Monitor thread successfully connected to server with description ServerDescription{address=localhost:27017, type=STANDALONE, state=CONNECTED, ok=true, version=ServerVersion{versionList=[4, 0, 2]}, minWireVersion=0, maxWireVersion=7, maxDocumentSize=16777216, roundTripTimeNanos=406104}
16:48:20.897 [cluster-ClusterId{value='5bab47d40d853ab77003ccf6', description='null'}-localhost:27017] INFO  org.mongodb.driver.cluster - Discovered cluster type of STANDALONE
16:48:21.299 [main] INFO  org.springframework.web.servlet.mvc.method.annotation.RequestMappingHandlerAdapter - Looking for @ControllerAdvice: org.springframework.boot.context.embedded.AnnotationConfigEmbeddedWebApplicationContext@34c01041: startup date [Wed Sep 26 16:48:18 CST 2018]; root of context hierarchy
16:48:21.322 [main] INFO  org.mongodb.driver.connection - Opened connection [connectionId{localValue:2, serverValue:16}] to localhost:27017
16:48:21.375 [main] INFO  org.springframework.web.servlet.mvc.method.annotation.RequestMappingHandlerMapping - Mapped "{[/mongo]}" onto public java.lang.String com.cszt.controller.MongoController.hello()
16:48:21.379 [main] INFO  org.springframework.web.servlet.mvc.method.annotation.RequestMappingHandlerMapping - Mapped "{[/insert],methods=[GET]}" onto public java.lang.String com.cszt.controller.UserController.insert()
16:48:21.381 [main] INFO  org.springframework.web.servlet.mvc.method.annotation.RequestMappingHandlerMapping - Mapped "{[/findAll],methods=[GET]}" onto public java.util.List<com.cszt.domain.User> com.cszt.controller.UserController.getAllUser()
16:48:21.383 [main] INFO  org.springframework.web.servlet.mvc.method.annotation.RequestMappingHandlerMapping - Mapped "{[/find],methods=[GET]}" onto public java.util.List<com.cszt.domain.User> com.cszt.controller.UserController.getUser(java.lang.String)
16:48:21.386 [main] INFO  org.springframework.web.servlet.mvc.method.annotation.RequestMappingHandlerMapping - Mapped "{[/error]}" onto public org.springframework.http.ResponseEntity<java.util.Map<java.lang.String, java.lang.Object>> org.springframework.boot.autoconfigure.web.BasicErrorController.error(javax.servlet.http.HttpServletRequest)
16:48:21.387 [main] INFO  org.springframework.web.servlet.mvc.method.annotation.RequestMappingHandlerMapping - Mapped "{[/error],produces=[text/html]}" onto public org.springframework.web.servlet.ModelAndView org.springframework.boot.autoconfigure.web.BasicErrorController.errorHtml(javax.servlet.http.HttpServletRequest,javax.servlet.http.HttpServletResponse)
16:48:21.409 [main] INFO  org.springframework.web.servlet.handler.SimpleUrlHandlerMapping - Mapped URL path [/webjars/**] onto handler of type [class org.springframework.web.servlet.resource.ResourceHttpRequestHandler]
16:48:21.410 [main] INFO  org.springframework.web.servlet.handler.SimpleUrlHandlerMapping - Mapped URL path [/**] onto handler of type [class org.springframework.web.servlet.resource.ResourceHttpRequestHandler]
16:48:21.438 [main] INFO  org.springframework.web.servlet.handler.SimpleUrlHandlerMapping - Mapped URL path [/**/favicon.ico] onto handler of type [class org.springframework.web.servlet.resource.ResourceHttpRequestHandler]
16:48:21.642 [main] INFO  org.springframework.jmx.export.annotation.AnnotationMBeanExporter - Registering beans for JMX exposure on startup
16:48:21.659 [main] INFO  org.apache.coyote.http11.Http11NioProtocol - Initializing ProtocolHandler ["http-nio-8080"]
16:48:21.725 [main] INFO  org.apache.coyote.http11.Http11NioProtocol - Starting ProtocolHandler ["http-nio-8080"]
16:48:21.735 [main] INFO  org.apache.tomcat.util.net.NioSelectorPool - Using a shared selector for servlet write/read
16:48:21.747 [main] INFO  org.springframework.boot.context.embedded.tomcat.TomcatEmbeddedServletContainer - Tomcat started on port(s): 8080 (http)
16:48:21.750 [main] INFO  com.cszt.MongoDBApplication - Started MongoDBApplication in 3.872 seconds (JVM running for 4.818)
16:48:21.805 [http-nio-8080-exec-1] INFO  org.apache.catalina.core.ContainerBase.[Tomcat].[localhost].[/] - Initializing Spring FrameworkServlet 'dispatcherServlet'
16:48:21.806 [http-nio-8080-exec-1] INFO  org.springframework.web.servlet.DispatcherServlet - FrameworkServlet 'dispatcherServlet': initialization started
16:48:21.831 [http-nio-8080-exec-1] INFO  org.springframework.web.servlet.DispatcherServlet - FrameworkServlet 'dispatcherServlet': initialization completed in 24 ms
16:48:36.698 [main] INFO  com.cszt.MongoDBApplication - Starting MongoDBApplication on DESKTOP-302RR5M with PID 46828 (E:\Temp\spring-mongodb\target\classes started by jj in E:\Temp)
16:48:36.706 [main] INFO  com.cszt.MongoDBApplication - No active profile set, falling back to default profiles: default
16:48:36.763 [main] INFO  org.springframework.boot.context.embedded.AnnotationConfigEmbeddedWebApplicationContext - Refreshing org.springframework.boot.context.embedded.AnnotationConfigEmbeddedWebApplicationContext@eda25e5: startup date [Wed Sep 26 16:48:36 CST 2018]; root of context hierarchy
16:48:36.894 [background-preinit] INFO  org.hibernate.validator.internal.util.Version - HV000001: Hibernate Validator 5.3.6.Final
16:48:38.129 [main] INFO  org.springframework.boot.context.embedded.tomcat.TomcatEmbeddedServletContainer - Tomcat initialized with port(s): 8080 (http)
16:48:38.136 [main] INFO  org.apache.catalina.core.StandardService - Starting service [Tomcat]
16:48:38.137 [main] INFO  org.apache.catalina.core.StandardEngine - Starting Servlet Engine: Apache Tomcat/8.5.23
16:48:38.230 [localhost-startStop-1] INFO  org.apache.catalina.core.ContainerBase.[Tomcat].[localhost].[/] - Initializing Spring embedded WebApplicationContext
16:48:38.230 [localhost-startStop-1] INFO  org.springframework.web.context.ContextLoader - Root WebApplicationContext: initialization completed in 1467 ms
16:48:38.382 [localhost-startStop-1] INFO  org.springframework.boot.web.servlet.ServletRegistrationBean - Mapping servlet: 'dispatcherServlet' to [/]
16:48:38.385 [localhost-startStop-1] INFO  org.springframework.boot.web.servlet.FilterRegistrationBean - Mapping filter: 'characterEncodingFilter' to: [/*]
16:48:38.385 [localhost-startStop-1] INFO  org.springframework.boot.web.servlet.FilterRegistrationBean - Mapping filter: 'hiddenHttpMethodFilter' to: [/*]
16:48:38.386 [localhost-startStop-1] INFO  org.springframework.boot.web.servlet.FilterRegistrationBean - Mapping filter: 'httpPutFormContentFilter' to: [/*]
16:48:38.386 [localhost-startStop-1] INFO  org.springframework.boot.web.servlet.FilterRegistrationBean - Mapping filter: 'requestContextFilter' to: [/*]
16:48:39.173 [main] INFO  org.mongodb.driver.cluster - Cluster created with settings {hosts=[localhost:27017], mode=MULTIPLE, requiredClusterType=UNKNOWN, serverSelectionTimeout='30000 ms', maxWaitQueueSize=500}
16:48:39.173 [main] INFO  org.mongodb.driver.cluster - Adding discovered server localhost:27017 to client view of cluster
16:48:39.213 [cluster-ClusterId{value='5bab47e70d853ab6ec70baf8', description='null'}-localhost:27017] INFO  org.mongodb.driver.connection - Opened connection [connectionId{localValue:1, serverValue:17}] to localhost:27017
16:48:39.215 [cluster-ClusterId{value='5bab47e70d853ab6ec70baf8', description='null'}-localhost:27017] INFO  org.mongodb.driver.cluster - Monitor thread successfully connected to server with description ServerDescription{address=localhost:27017, type=STANDALONE, state=CONNECTED, ok=true, version=ServerVersion{versionList=[4, 0, 2]}, minWireVersion=0, maxWireVersion=7, maxDocumentSize=16777216, roundTripTimeNanos=429236}
16:48:39.216 [cluster-ClusterId{value='5bab47e70d853ab6ec70baf8', description='null'}-localhost:27017] INFO  org.mongodb.driver.cluster - Discovered cluster type of STANDALONE
16:48:39.622 [main] INFO  org.springframework.web.servlet.mvc.method.annotation.RequestMappingHandlerAdapter - Looking for @ControllerAdvice: org.springframework.boot.context.embedded.AnnotationConfigEmbeddedWebApplicationContext@eda25e5: startup date [Wed Sep 26 16:48:36 CST 2018]; root of context hierarchy
16:48:39.646 [main] INFO  org.mongodb.driver.connection - Opened connection [connectionId{localValue:2, serverValue:18}] to localhost:27017
16:48:39.697 [main] INFO  org.springframework.web.servlet.mvc.method.annotation.RequestMappingHandlerMapping - Mapped "{[/mongo]}" onto public java.lang.String com.cszt.controller.MongoController.hello()
16:48:39.701 [main] INFO  org.springframework.web.servlet.mvc.method.annotation.RequestMappingHandlerMapping - Mapped "{[/insert],methods=[GET]}" onto public java.lang.String com.cszt.controller.UserController.insert()
16:48:39.703 [main] INFO  org.springframework.web.servlet.mvc.method.annotation.RequestMappingHandlerMapping - Mapped "{[/findAll],methods=[GET]}" onto public java.util.List<com.cszt.domain.User> com.cszt.controller.UserController.getAllUser()
16:48:39.705 [main] INFO  org.springframework.web.servlet.mvc.method.annotation.RequestMappingHandlerMapping - Mapped "{[/find],methods=[GET]}" onto public java.util.List<com.cszt.domain.User> com.cszt.controller.UserController.getUser(java.lang.String)
16:48:39.708 [main] INFO  org.springframework.web.servlet.mvc.method.annotation.RequestMappingHandlerMapping - Mapped "{[/error]}" onto public org.springframework.http.ResponseEntity<java.util.Map<java.lang.String, java.lang.Object>> org.springframework.boot.autoconfigure.web.BasicErrorController.error(javax.servlet.http.HttpServletRequest)
16:48:39.709 [main] INFO  org.springframework.web.servlet.mvc.method.annotation.RequestMappingHandlerMapping - Mapped "{[/error],produces=[text/html]}" onto public org.springframework.web.servlet.ModelAndView org.springframework.boot.autoconfigure.web.BasicErrorController.errorHtml(javax.servlet.http.HttpServletRequest,javax.servlet.http.HttpServletResponse)
16:48:39.732 [main] INFO  org.springframework.web.servlet.handler.SimpleUrlHandlerMapping - Mapped URL path [/webjars/**] onto handler of type [class org.springframework.web.servlet.resource.ResourceHttpRequestHandler]
16:48:39.733 [main] INFO  org.springframework.web.servlet.handler.SimpleUrlHandlerMapping - Mapped URL path [/**] onto handler of type [class org.springframework.web.servlet.resource.ResourceHttpRequestHandler]
16:48:39.761 [main] INFO  org.springframework.web.servlet.handler.SimpleUrlHandlerMapping - Mapped URL path [/**/favicon.ico] onto handler of type [class org.springframework.web.servlet.resource.ResourceHttpRequestHandler]
16:48:39.953 [main] INFO  org.springframework.jmx.export.annotation.AnnotationMBeanExporter - Registering beans for JMX exposure on startup
16:48:40.029 [main] INFO  org.apache.coyote.http11.Http11NioProtocol - Initializing ProtocolHandler ["http-nio-8080"]
16:48:40.036 [main] INFO  org.apache.coyote.http11.Http11NioProtocol - Starting ProtocolHandler ["http-nio-8080"]
16:48:40.046 [main] INFO  org.apache.tomcat.util.net.NioSelectorPool - Using a shared selector for servlet write/read
16:48:40.058 [main] INFO  org.springframework.boot.context.embedded.tomcat.TomcatEmbeddedServletContainer - Tomcat started on port(s): 8080 (http)
16:48:40.061 [main] INFO  com.cszt.MongoDBApplication - Started MongoDBApplication in 3.723 seconds (JVM running for 4.583)
16:48:42.355 [http-nio-8080-exec-1] INFO  org.apache.catalina.core.ContainerBase.[Tomcat].[localhost].[/] - Initializing Spring FrameworkServlet 'dispatcherServlet'
16:48:42.356 [http-nio-8080-exec-1] INFO  org.springframework.web.servlet.DispatcherServlet - FrameworkServlet 'dispatcherServlet': initialization started
16:48:42.383 [http-nio-8080-exec-1] INFO  org.springframework.web.servlet.DispatcherServlet - FrameworkServlet 'dispatcherServlet': initialization completed in 26 ms
