14:44:20.446 [main] INFO  com.cszt.MongoDBApplication - Starting MongoDBApplication on DESKTOP-302RR5M with PID 30200 (E:\Temp\spring-mongodb\target\classes started by jj in E:\Temp)
14:44:20.456 [main] INFO  com.cszt.MongoDBApplication - No active profile set, falling back to default profiles: default
14:44:20.511 [main] INFO  org.springframework.boot.context.embedded.AnnotationConfigEmbeddedWebApplicationContext - Refreshing org.springframework.boot.context.embedded.AnnotationConfigEmbeddedWebApplicationContext@10cf09e8: startup date [Tue Sep 25 14:44:20 CST 2018]; root of context hierarchy
14:44:20.641 [background-preinit] INFO  org.hibernate.validator.internal.util.Version - HV000001: Hibernate Validator 5.3.6.Final
14:44:21.729 [main] INFO  org.springframework.boot.context.embedded.tomcat.TomcatEmbeddedServletContainer - Tomcat initialized with port(s): 8080 (http)
14:44:21.735 [main] INFO  org.apache.catalina.core.StandardService - Starting service [Tomcat]
14:44:21.736 [main] INFO  org.apache.catalina.core.StandardEngine - Starting Servlet Engine: Apache Tomcat/8.5.23
14:44:21.817 [localhost-startStop-1] INFO  org.apache.catalina.core.ContainerBase.[Tomcat].[localhost].[/] - Initializing Spring embedded WebApplicationContext
14:44:21.818 [localhost-startStop-1] INFO  org.springframework.web.context.ContextLoader - Root WebApplicationContext: initialization completed in 1307 ms
14:44:21.975 [localhost-startStop-1] INFO  org.springframework.boot.web.servlet.ServletRegistrationBean - Mapping servlet: 'dispatcherServlet' to [/]
14:44:21.979 [localhost-startStop-1] INFO  org.springframework.boot.web.servlet.FilterRegistrationBean - Mapping filter: 'characterEncodingFilter' to: [/*]
14:44:21.980 [localhost-startStop-1] INFO  org.springframework.boot.web.servlet.FilterRegistrationBean - Mapping filter: 'hiddenHttpMethodFilter' to: [/*]
14:44:21.980 [localhost-startStop-1] INFO  org.springframework.boot.web.servlet.FilterRegistrationBean - Mapping filter: 'httpPutFormContentFilter' to: [/*]
14:44:21.980 [localhost-startStop-1] INFO  org.springframework.boot.web.servlet.FilterRegistrationBean - Mapping filter: 'requestContextFilter' to: [/*]
14:44:22.918 [main] INFO  org.mongodb.driver.cluster - Cluster created with settings {hosts=[localhost:27017], mode=MULTIPLE, requiredClusterType=UNKNOWN, serverSelectionTimeout='30000 ms', maxWaitQueueSize=500}
14:44:28.537 [main] INFO  org.mongodb.driver.cluster - Adding discovered server localhost:27017 to client view of cluster
14:44:28.679 [cluster-ClusterId{value='5ba9d9460d853a75f8669244', description='null'}-localhost:27017] INFO  org.mongodb.driver.connection - Opened connection [connectionId{localValue:1, serverValue:24}] to localhost:27017
14:44:28.680 [cluster-ClusterId{value='5ba9d9460d853a75f8669244', description='null'}-localhost:27017] INFO  org.mongodb.driver.cluster - Monitor thread successfully connected to server with description ServerDescription{address=localhost:27017, type=STANDALONE, state=CONNECTED, ok=true, version=ServerVersion{versionList=[4, 0, 2]}, minWireVersion=0, maxWireVersion=7, maxDocumentSize=16777216, roundTripTimeNanos=357269}
14:44:28.681 [cluster-ClusterId{value='5ba9d9460d853a75f8669244', description='null'}-localhost:27017] INFO  org.mongodb.driver.cluster - Discovered cluster type of STANDALONE
14:44:29.093 [main] INFO  org.springframework.web.servlet.mvc.method.annotation.RequestMappingHandlerAdapter - Looking for @ControllerAdvice: org.springframework.boot.context.embedded.AnnotationConfigEmbeddedWebApplicationContext@10cf09e8: startup date [Tue Sep 25 14:44:20 CST 2018]; root of context hierarchy
14:44:29.143 [main] INFO  org.mongodb.driver.connection - Opened connection [connectionId{localValue:2, serverValue:25}] to localhost:27017
14:44:29.610 [main] INFO  org.springframework.web.servlet.mvc.method.annotation.RequestMappingHandlerMapping - Mapped "{[/mongo]}" onto public java.lang.String com.cszt.controller.MongoController.hello()
14:44:29.614 [main] INFO  org.springframework.web.servlet.mvc.method.annotation.RequestMappingHandlerMapping - Mapped "{[/insert],methods=[GET]}" onto public java.lang.String com.cszt.controller.UserController.insert()
14:44:29.615 [main] INFO  org.springframework.web.servlet.mvc.method.annotation.RequestMappingHandlerMapping - Mapped "{[/find],methods=[GET]}" onto public java.util.List<com.cszt.domain.User> com.cszt.controller.UserController.getProjects()
14:44:29.619 [main] INFO  org.springframework.web.servlet.mvc.method.annotation.RequestMappingHandlerMapping - Mapped "{[/error]}" onto public org.springframework.http.ResponseEntity<java.util.Map<java.lang.String, java.lang.Object>> org.springframework.boot.autoconfigure.web.BasicErrorController.error(javax.servlet.http.HttpServletRequest)
14:44:29.620 [main] INFO  org.springframework.web.servlet.mvc.method.annotation.RequestMappingHandlerMapping - Mapped "{[/error],produces=[text/html]}" onto public org.springframework.web.servlet.ModelAndView org.springframework.boot.autoconfigure.web.BasicErrorController.errorHtml(javax.servlet.http.HttpServletRequest,javax.servlet.http.HttpServletResponse)
14:44:29.644 [main] INFO  org.springframework.web.servlet.handler.SimpleUrlHandlerMapping - Mapped URL path [/webjars/**] onto handler of type [class org.springframework.web.servlet.resource.ResourceHttpRequestHandler]
14:44:29.645 [main] INFO  org.springframework.web.servlet.handler.SimpleUrlHandlerMapping - Mapped URL path [/**] onto handler of type [class org.springframework.web.servlet.resource.ResourceHttpRequestHandler]
14:44:29.674 [main] INFO  org.springframework.web.servlet.handler.SimpleUrlHandlerMapping - Mapped URL path [/**/favicon.ico] onto handler of type [class org.springframework.web.servlet.resource.ResourceHttpRequestHandler]
14:44:29.930 [main] INFO  org.springframework.jmx.export.annotation.AnnotationMBeanExporter - Registering beans for JMX exposure on startup
14:44:29.942 [main] INFO  org.apache.coyote.http11.Http11NioProtocol - Initializing ProtocolHandler ["http-nio-8080"]
14:44:29.949 [main] INFO  org.apache.coyote.http11.Http11NioProtocol - Starting ProtocolHandler ["http-nio-8080"]
14:44:29.957 [main] INFO  org.apache.tomcat.util.net.NioSelectorPool - Using a shared selector for servlet write/read
14:44:29.970 [main] INFO  org.springframework.boot.context.embedded.tomcat.TomcatEmbeddedServletContainer - Tomcat started on port(s): 8080 (http)
14:44:29.974 [main] INFO  com.cszt.MongoDBApplication - Started MongoDBApplication in 9.923 seconds (JVM running for 11.09)
14:44:40.975 [http-nio-8080-exec-1] INFO  org.apache.catalina.core.ContainerBase.[Tomcat].[localhost].[/] - Initializing Spring FrameworkServlet 'dispatcherServlet'
14:44:45.037 [http-nio-8080-exec-1] INFO  org.springframework.web.servlet.DispatcherServlet - FrameworkServlet 'dispatcherServlet': initialization started
14:44:48.750 [http-nio-8080-exec-1] INFO  org.springframework.web.servlet.DispatcherServlet - FrameworkServlet 'dispatcherServlet': initialization completed in 28 ms
14:44:50.035 [http-nio-8080-exec-1] INFO  MONGODB - { "requestURL" : "http://localhost:8080/mongo" , "requestURI" : "/mongo" , "queryString" :  null  , "remoteAddr" : "0:0:0:0:0:0:0:1" , "remoteHost" : "0:0:0:0:0:0:0:1" , "remotePort" : 60512 , "localAddr" : "0:0:0:0:0:0:0:1" , "localName" : "0:0:0:0:0:0:0:1" , "method" : "GET" , "headers" : { "accept-language" : "zh-CN,zh;q=0.9" , "host" : "localhost:8080" , "upgrade-insecure-requests" : "1" , "connection" : "keep-alive" , "accept-encoding" : "gzip, deflate, br" , "user-agent" : "Mozilla/5.0 (Windows NT 10.0; WOW64) AppleWebKit/537.36 (KHTML, like Gecko) Chrome/67.0.3396.62 Safari/537.36" , "accept" : "text/html,application/xhtml+xml,application/xml;q=0.9,image/webp,image/apng,*/*;q=0.8"} , "parameters" : { } , "classMethod" : "com.cszt.controller.MongoController.hello" , "args" : "[]"}
14:46:01.512 [http-nio-8080-exec-2] INFO  MONGODB - { "requestURL" : "http://localhost:8080/mongo" , "requestURI" : "/mongo" , "queryString" :  null  , "remoteAddr" : "0:0:0:0:0:0:0:1" , "remoteHost" : "0:0:0:0:0:0:0:1" , "remotePort" : 60512 , "localAddr" : "0:0:0:0:0:0:0:1" , "localName" : "0:0:0:0:0:0:0:1" , "method" : "GET" , "headers" : { "accept-language" : "zh-CN,zh;q=0.9" , "host" : "localhost:8080" , "upgrade-insecure-requests" : "1" , "connection" : "keep-alive" , "accept-encoding" : "gzip, deflate, br" , "user-agent" : "Mozilla/5.0 (Windows NT 10.0; WOW64) AppleWebKit/537.36 (KHTML, like Gecko) Chrome/67.0.3396.62 Safari/537.36" , "accept" : "text/html,application/xhtml+xml,application/xml;q=0.9,image/webp,image/apng,*/*;q=0.8"} , "parameters" : { } , "classMethod" : "com.cszt.controller.MongoController.hello" , "args" : "[]"}
14:46:10.207 [http-nio-8080-exec-4] INFO  MONGODB - { "requestURL" : "http://localhost:8080/mongo" , "requestURI" : "/mongo" , "queryString" :  null  , "remoteAddr" : "0:0:0:0:0:0:0:1" , "remoteHost" : "0:0:0:0:0:0:0:1" , "remotePort" : 60512 , "localAddr" : "0:0:0:0:0:0:0:1" , "localName" : "0:0:0:0:0:0:0:1" , "method" : "GET" , "headers" : { "accept-language" : "zh-CN,zh;q=0.9" , "host" : "localhost:8080" , "upgrade-insecure-requests" : "1" , "connection" : "keep-alive" , "cache-control" : "max-age=0" , "accept-encoding" : "gzip, deflate, br" , "user-agent" : "Mozilla/5.0 (Windows NT 10.0; WOW64) AppleWebKit/537.36 (KHTML, like Gecko) Chrome/67.0.3396.62 Safari/537.36" , "accept" : "text/html,application/xhtml+xml,application/xml;q=0.9,image/webp,image/apng,*/*;q=0.8"} , "parameters" : { } , "classMethod" : "com.cszt.controller.MongoController.hello" , "args" : "[]"}
14:46:11.440 [http-nio-8080-exec-6] INFO  MONGODB - { "requestURL" : "http://localhost:8080/mongo" , "requestURI" : "/mongo" , "queryString" :  null  , "remoteAddr" : "0:0:0:0:0:0:0:1" , "remoteHost" : "0:0:0:0:0:0:0:1" , "remotePort" : 60512 , "localAddr" : "0:0:0:0:0:0:0:1" , "localName" : "0:0:0:0:0:0:0:1" , "method" : "GET" , "headers" : { "accept-language" : "zh-CN,zh;q=0.9" , "host" : "localhost:8080" , "upgrade-insecure-requests" : "1" , "connection" : "keep-alive" , "cache-control" : "max-age=0" , "accept-encoding" : "gzip, deflate, br" , "user-agent" : "Mozilla/5.0 (Windows NT 10.0; WOW64) AppleWebKit/537.36 (KHTML, like Gecko) Chrome/67.0.3396.62 Safari/537.36" , "accept" : "text/html,application/xhtml+xml,application/xml;q=0.9,image/webp,image/apng,*/*;q=0.8"} , "parameters" : { } , "classMethod" : "com.cszt.controller.MongoController.hello" , "args" : "[]"}
14:46:12.584 [http-nio-8080-exec-8] INFO  MONGODB - { "requestURL" : "http://localhost:8080/mongo" , "requestURI" : "/mongo" , "queryString" :  null  , "remoteAddr" : "0:0:0:0:0:0:0:1" , "remoteHost" : "0:0:0:0:0:0:0:1" , "remotePort" : 60512 , "localAddr" : "0:0:0:0:0:0:0:1" , "localName" : "0:0:0:0:0:0:0:1" , "method" : "GET" , "headers" : { "accept-language" : "zh-CN,zh;q=0.9" , "host" : "localhost:8080" , "upgrade-insecure-requests" : "1" , "connection" : "keep-alive" , "cache-control" : "max-age=0" , "accept-encoding" : "gzip, deflate, br" , "user-agent" : "Mozilla/5.0 (Windows NT 10.0; WOW64) AppleWebKit/537.36 (KHTML, like Gecko) Chrome/67.0.3396.62 Safari/537.36" , "accept" : "text/html,application/xhtml+xml,application/xml;q=0.9,image/webp,image/apng,*/*;q=0.8"} , "parameters" : { } , "classMethod" : "com.cszt.controller.MongoController.hello" , "args" : "[]"}
14:48:53.288 [main] INFO  com.cszt.MongoDBApplication - Starting MongoDBApplication on DESKTOP-302RR5M with PID 42628 (E:\Temp\spring-mongodb\target\classes started by jj in E:\Temp)
14:48:53.299 [main] INFO  com.cszt.MongoDBApplication - No active profile set, falling back to default profiles: default
14:48:53.345 [main] INFO  org.springframework.boot.context.embedded.AnnotationConfigEmbeddedWebApplicationContext - Refreshing org.springframework.boot.context.embedded.AnnotationConfigEmbeddedWebApplicationContext@2cc44ad: startup date [Tue Sep 25 14:48:53 CST 2018]; root of context hierarchy
14:48:53.660 [background-preinit] INFO  org.hibernate.validator.internal.util.Version - HV000001: Hibernate Validator 5.3.6.Final
14:48:54.662 [main] INFO  org.springframework.boot.context.embedded.tomcat.TomcatEmbeddedServletContainer - Tomcat initialized with port(s): 8080 (http)
14:48:54.668 [main] INFO  org.apache.catalina.core.StandardService - Starting service [Tomcat]
14:48:54.669 [main] INFO  org.apache.catalina.core.StandardEngine - Starting Servlet Engine: Apache Tomcat/8.5.23
14:48:54.748 [localhost-startStop-1] INFO  org.apache.catalina.core.ContainerBase.[Tomcat].[localhost].[/] - Initializing Spring embedded WebApplicationContext
14:48:54.749 [localhost-startStop-1] INFO  org.springframework.web.context.ContextLoader - Root WebApplicationContext: initialization completed in 1404 ms
14:48:54.907 [localhost-startStop-1] INFO  org.springframework.boot.web.servlet.ServletRegistrationBean - Mapping servlet: 'dispatcherServlet' to [/]
14:48:54.910 [localhost-startStop-1] INFO  org.springframework.boot.web.servlet.FilterRegistrationBean - Mapping filter: 'characterEncodingFilter' to: [/*]
14:48:54.911 [localhost-startStop-1] INFO  org.springframework.boot.web.servlet.FilterRegistrationBean - Mapping filter: 'hiddenHttpMethodFilter' to: [/*]
14:48:54.911 [localhost-startStop-1] INFO  org.springframework.boot.web.servlet.FilterRegistrationBean - Mapping filter: 'httpPutFormContentFilter' to: [/*]
14:48:54.911 [localhost-startStop-1] INFO  org.springframework.boot.web.servlet.FilterRegistrationBean - Mapping filter: 'requestContextFilter' to: [/*]
14:48:55.671 [main] INFO  org.mongodb.driver.cluster - Cluster created with settings {hosts=[localhost:27017], mode=MULTIPLE, requiredClusterType=UNKNOWN, serverSelectionTimeout='30000 ms', maxWaitQueueSize=500}
14:48:55.671 [main] INFO  org.mongodb.driver.cluster - Adding discovered server localhost:27017 to client view of cluster
14:48:55.714 [cluster-ClusterId{value='5ba9da570d853aa6840da414', description='null'}-localhost:27017] INFO  org.mongodb.driver.connection - Opened connection [connectionId{localValue:1, serverValue:27}] to localhost:27017
14:48:55.715 [cluster-ClusterId{value='5ba9da570d853aa6840da414', description='null'}-localhost:27017] INFO  org.mongodb.driver.cluster - Monitor thread successfully connected to server with description ServerDescription{address=localhost:27017, type=STANDALONE, state=CONNECTED, ok=true, version=ServerVersion{versionList=[4, 0, 2]}, minWireVersion=0, maxWireVersion=7, maxDocumentSize=16777216, roundTripTimeNanos=417928}
14:48:55.716 [cluster-ClusterId{value='5ba9da570d853aa6840da414', description='null'}-localhost:27017] INFO  org.mongodb.driver.cluster - Discovered cluster type of STANDALONE
14:48:56.122 [main] INFO  org.springframework.web.servlet.mvc.method.annotation.RequestMappingHandlerAdapter - Looking for @ControllerAdvice: org.springframework.boot.context.embedded.AnnotationConfigEmbeddedWebApplicationContext@2cc44ad: startup date [Tue Sep 25 14:48:53 CST 2018]; root of context hierarchy
14:48:56.146 [main] INFO  org.mongodb.driver.connection - Opened connection [connectionId{localValue:2, serverValue:28}] to localhost:27017
14:48:56.392 [main] INFO  org.springframework.web.servlet.mvc.method.annotation.RequestMappingHandlerMapping - Mapped "{[/mongo]}" onto public java.lang.String com.cszt.controller.MongoController.hello()
14:48:56.397 [main] INFO  org.springframework.web.servlet.mvc.method.annotation.RequestMappingHandlerMapping - Mapped "{[/insert],methods=[GET]}" onto public java.lang.String com.cszt.controller.UserController.insert()
14:48:56.399 [main] INFO  org.springframework.web.servlet.mvc.method.annotation.RequestMappingHandlerMapping - Mapped "{[/find],methods=[GET]}" onto public java.util.List<com.cszt.domain.User> com.cszt.controller.UserController.getProjects()
14:48:56.403 [main] INFO  org.springframework.web.servlet.mvc.method.annotation.RequestMappingHandlerMapping - Mapped "{[/error]}" onto public org.springframework.http.ResponseEntity<java.util.Map<java.lang.String, java.lang.Object>> org.springframework.boot.autoconfigure.web.BasicErrorController.error(javax.servlet.http.HttpServletRequest)
14:48:56.404 [main] INFO  org.springframework.web.servlet.mvc.method.annotation.RequestMappingHandlerMapping - Mapped "{[/error],produces=[text/html]}" onto public org.springframework.web.servlet.ModelAndView org.springframework.boot.autoconfigure.web.BasicErrorController.errorHtml(javax.servlet.http.HttpServletRequest,javax.servlet.http.HttpServletResponse)
14:48:56.427 [main] INFO  org.springframework.web.servlet.handler.SimpleUrlHandlerMapping - Mapped URL path [/webjars/**] onto handler of type [class org.springframework.web.servlet.resource.ResourceHttpRequestHandler]
14:48:56.428 [main] INFO  org.springframework.web.servlet.handler.SimpleUrlHandlerMapping - Mapped URL path [/**] onto handler of type [class org.springframework.web.servlet.resource.ResourceHttpRequestHandler]
14:48:56.535 [main] INFO  org.springframework.web.servlet.handler.SimpleUrlHandlerMapping - Mapped URL path [/**/favicon.ico] onto handler of type [class org.springframework.web.servlet.resource.ResourceHttpRequestHandler]
14:48:56.740 [main] INFO  org.springframework.jmx.export.annotation.AnnotationMBeanExporter - Registering beans for JMX exposure on startup
14:48:56.751 [main] INFO  org.apache.coyote.http11.Http11NioProtocol - Initializing ProtocolHandler ["http-nio-8080"]
14:48:56.758 [main] INFO  org.apache.coyote.http11.Http11NioProtocol - Starting ProtocolHandler ["http-nio-8080"]
14:48:56.766 [main] INFO  org.apache.tomcat.util.net.NioSelectorPool - Using a shared selector for servlet write/read
14:48:56.779 [main] INFO  org.springframework.boot.context.embedded.tomcat.TomcatEmbeddedServletContainer - Tomcat started on port(s): 8080 (http)
14:48:56.783 [main] INFO  com.cszt.MongoDBApplication - Started MongoDBApplication in 3.934 seconds (JVM running for 4.93)
14:49:03.992 [http-nio-8080-exec-1] INFO  org.apache.catalina.core.ContainerBase.[Tomcat].[localhost].[/] - Initializing Spring FrameworkServlet 'dispatcherServlet'
14:49:09.357 [http-nio-8080-exec-1] INFO  org.springframework.web.servlet.DispatcherServlet - FrameworkServlet 'dispatcherServlet': initialization started
14:49:13.037 [http-nio-8080-exec-1] INFO  org.springframework.web.servlet.DispatcherServlet - FrameworkServlet 'dispatcherServlet': initialization completed in 34 ms
14:49:13.068 [http-nio-8080-exec-1] INFO  MONGODB - { "requestURL" : "http://localhost:8080/mongo" , "requestURI" : "/mongo" , "queryString" :  null  , "remoteAddr" : "0:0:0:0:0:0:0:1" , "remoteHost" : "0:0:0:0:0:0:0:1" , "remotePort" : 60941 , "localAddr" : "0:0:0:0:0:0:0:1" , "localName" : "0:0:0:0:0:0:0:1" , "method" : "GET" , "headers" : { "accept-language" : "zh-CN,zh;q=0.9" , "host" : "localhost:8080" , "upgrade-insecure-requests" : "1" , "connection" : "keep-alive" , "cache-control" : "max-age=0" , "accept-encoding" : "gzip, deflate, br" , "user-agent" : "Mozilla/5.0 (Windows NT 10.0; WOW64) AppleWebKit/537.36 (KHTML, like Gecko) Chrome/67.0.3396.62 Safari/537.36" , "accept" : "text/html,application/xhtml+xml,application/xml;q=0.9,image/webp,image/apng,*/*;q=0.8"} , "parameters" : { } , "classMethod" : "com.cszt.controller.MongoController.hello" , "args" : "[]"}
14:49:13.068 [http-nio-8080-exec-2] INFO  MONGODB - { "requestURL" : "http://localhost:8080/mongo" , "requestURI" : "/mongo" , "queryString" :  null  , "remoteAddr" : "0:0:0:0:0:0:0:1" , "remoteHost" : "0:0:0:0:0:0:0:1" , "remotePort" : 60944 , "localAddr" : "0:0:0:0:0:0:0:1" , "localName" : "0:0:0:0:0:0:0:1" , "method" : "GET" , "headers" : { "accept-language" : "zh-CN,zh;q=0.9" , "host" : "localhost:8080" , "upgrade-insecure-requests" : "1" , "connection" : "keep-alive" , "cache-control" : "max-age=0" , "accept-encoding" : "gzip, deflate, br" , "user-agent" : "Mozilla/5.0 (Windows NT 10.0; WOW64) AppleWebKit/537.36 (KHTML, like Gecko) Chrome/67.0.3396.62 Safari/537.36" , "accept" : "text/html,application/xhtml+xml,application/xml;q=0.9,image/webp,image/apng,*/*;q=0.8"} , "parameters" : { } , "classMethod" : "com.cszt.controller.MongoController.hello" , "args" : "[]"}
14:49:13.070 [http-nio-8080-exec-1] INFO  org.mongodb.driver.connection - Opened connection [connectionId{localValue:3, serverValue:29}] to localhost:27017
14:49:16.518 [http-nio-8080-exec-4] INFO  MONGODB - { "requestURL" : "http://localhost:8080/mongo" , "requestURI" : "/mongo" , "queryString" :  null  , "remoteAddr" : "0:0:0:0:0:0:0:1" , "remoteHost" : "0:0:0:0:0:0:0:1" , "remotePort" : 60944 , "localAddr" : "0:0:0:0:0:0:0:1" , "localName" : "0:0:0:0:0:0:0:1" , "method" : "GET" , "headers" : { "accept-language" : "zh-CN,zh;q=0.9" , "host" : "localhost:8080" , "upgrade-insecure-requests" : "1" , "connection" : "keep-alive" , "cache-control" : "max-age=0" , "accept-encoding" : "gzip, deflate, br" , "user-agent" : "Mozilla/5.0 (Windows NT 10.0; WOW64) AppleWebKit/537.36 (KHTML, like Gecko) Chrome/67.0.3396.62 Safari/537.36" , "accept" : "text/html,application/xhtml+xml,application/xml;q=0.9,image/webp,image/apng,*/*;q=0.8"} , "parameters" : { } , "classMethod" : "com.cszt.controller.MongoController.hello" , "args" : "[]"}
14:50:14.836 [http-nio-8080-exec-6] INFO  MONGODB - { "requestURL" : "http://localhost:8080/mongo" , "requestURI" : "/mongo" , "queryString" :  null  , "remoteAddr" : "0:0:0:0:0:0:0:1" , "remoteHost" : "0:0:0:0:0:0:0:1" , "remotePort" : 60944 , "localAddr" : "0:0:0:0:0:0:0:1" , "localName" : "0:0:0:0:0:0:0:1" , "method" : "GET" , "headers" : { "accept-language" : "zh-CN,zh;q=0.9" , "host" : "localhost:8080" , "upgrade-insecure-requests" : "1" , "connection" : "keep-alive" , "cache-control" : "max-age=0" , "accept-encoding" : "gzip, deflate, br" , "user-agent" : "Mozilla/5.0 (Windows NT 10.0; WOW64) AppleWebKit/537.36 (KHTML, like Gecko) Chrome/67.0.3396.62 Safari/537.36" , "accept" : "text/html,application/xhtml+xml,application/xml;q=0.9,image/webp,image/apng,*/*;q=0.8"} , "parameters" : { } , "classMethod" : "com.cszt.controller.MongoController.hello" , "args" : "[]"}
14:50:54.693 [http-nio-8080-exec-8] INFO  MONGODB - { "requestURL" : "http://localhost:8080/mongo" , "requestURI" : "/mongo" , "queryString" :  null  , "remoteAddr" : "0:0:0:0:0:0:0:1" , "remoteHost" : "0:0:0:0:0:0:0:1" , "remotePort" : 60944 , "localAddr" : "0:0:0:0:0:0:0:1" , "localName" : "0:0:0:0:0:0:0:1" , "method" : "GET" , "headers" : { "accept-language" : "zh-CN,zh;q=0.9" , "host" : "localhost:8080" , "upgrade-insecure-requests" : "1" , "connection" : "keep-alive" , "cache-control" : "max-age=0" , "accept-encoding" : "gzip, deflate, br" , "user-agent" : "Mozilla/5.0 (Windows NT 10.0; WOW64) AppleWebKit/537.36 (KHTML, like Gecko) Chrome/67.0.3396.62 Safari/537.36" , "accept" : "text/html,application/xhtml+xml,application/xml;q=0.9,image/webp,image/apng,*/*;q=0.8"} , "parameters" : { } , "classMethod" : "com.cszt.controller.MongoController.hello" , "args" : "[]"}
14:59:52.792 [cluster-ClusterId{value='5ba9da570d853aa6840da414', description='null'}-localhost:27017] INFO  org.mongodb.driver.cluster - Exception in monitor thread while connecting to server localhost:27017
com.mongodb.MongoSocketOpenException: Exception opening socket
	at com.mongodb.connection.SocketStream.open(SocketStream.java:63)
	at com.mongodb.connection.InternalStreamConnection.open(InternalStreamConnection.java:115)
	at com.mongodb.connection.DefaultServerMonitor$ServerMonitorRunnable.run(DefaultServerMonitor.java:127)
	at java.lang.Thread.run(Thread.java:745)
Caused by: java.net.ConnectException: Connection refused: connect
	at java.net.DualStackPlainSocketImpl.waitForConnect(Native Method)
	at java.net.DualStackPlainSocketImpl.socketConnect(DualStackPlainSocketImpl.java:85)
	at java.net.AbstractPlainSocketImpl.doConnect(AbstractPlainSocketImpl.java:350)
	at java.net.AbstractPlainSocketImpl.connectToAddress(AbstractPlainSocketImpl.java:206)
	at java.net.AbstractPlainSocketImpl.connect(AbstractPlainSocketImpl.java:188)
	at java.net.PlainSocketImpl.connect(PlainSocketImpl.java:172)
	at java.net.SocksSocketImpl.connect(SocksSocketImpl.java:392)
	at java.net.Socket.connect(Socket.java:589)
	at com.mongodb.connection.SocketStreamHelper.initialize(SocketStreamHelper.java:57)
	at com.mongodb.connection.SocketStream.open(SocketStream.java:58)
	... 3 common frames omitted
14:59:52.793 [cluster-ClusterId{value='5ba9da570d853aa6840da414', description='null'}-localhost:27017] INFO  org.mongodb.driver.connection - Closed connection [connectionId{localValue:3, serverValue:29}] to localhost:27017 because there was a socket exception raised on another connection from this pool.
14:59:52.793 [cluster-ClusterId{value='5ba9da570d853aa6840da414', description='null'}-localhost:27017] INFO  org.mongodb.driver.connection - Closed connection [connectionId{localValue:2, serverValue:28}] to localhost:27017 because there was a socket exception raised on another connection from this pool.
14:59:53.794 [cluster-ClusterId{value='5ba9da570d853aa6840da414', description='null'}-localhost:27017] INFO  org.mongodb.driver.connection - Closed connection [connectionId{localValue:5}] to localhost:27017 because there was a socket exception raised by this connection.
15:00:10.597 [http-nio-8080-exec-7] INFO  org.mongodb.driver.cluster - No server chosen by ReadPreferenceServerSelector{readPreference=primary} from cluster description ClusterDescription{type=STANDALONE, connectionMode=MULTIPLE, serverDescriptions=[ServerDescription{address=localhost:27017, type=UNKNOWN, state=CONNECTING, exception={com.mongodb.MongoSocketOpenException: Exception opening socket}, caused by {java.net.ConnectException: Connection refused: connect}}]}. Waiting for 30000 ms before timing out
15:00:10.598 [http-nio-8080-exec-7] INFO  org.mongodb.driver.cluster - No server chosen by WritableServerSelector from cluster description ClusterDescription{type=STANDALONE, connectionMode=MULTIPLE, serverDescriptions=[ServerDescription{address=localhost:27017, type=UNKNOWN, state=CONNECTING, exception={com.mongodb.MongoSocketOpenException: Exception opening socket}, caused by {java.net.ConnectException: Connection refused: connect}}]}. Waiting for 30000 ms before timing out
